2021-05-16 23:05:50.932 INFO  com.cloud.user.Application Line:55  - Starting Application on DESKTOP-510LF0A with PID 10772 (F:\ideaProject\cloud-news-dev\news-dev-services-user\target\classes started by 99141 in F:\ideaProject\cloud-news-dev)
2021-05-16 23:05:50.939 INFO  com.cloud.user.Application Line:655 - The following profiles are active: dev
2021-05-16 23:05:51.131 WARN  org.springframework.http.converter.json.Jackson2ObjectMapperBuilder Line:127 - For Jackson Kotlin classes support please add "com.fasterxml.jackson.module:jackson-module-kotlin" to the classpath
2021-05-16 23:05:54.361 INFO  org.springframework.data.repository.config.RepositoryConfigurationDelegate Line:249 - Multiple Spring Data modules found, entering strict repository configuration mode!
2021-05-16 23:05:54.371 INFO  org.springframework.data.repository.config.RepositoryConfigurationDelegate Line:127 - Bootstrapping Spring Data Redis repositories in DEFAULT mode.
2021-05-16 23:05:54.473 INFO  org.springframework.data.repository.config.RepositoryConfigurationDelegate Line:187 - Finished Spring Data repository scanning in 47ms. Found 0 Redis repository interfaces.
2021-05-16 23:05:55.477 INFO  org.springframework.boot.web.embedded.tomcat.TomcatWebServer Line:92  - Tomcat initialized with port(s): 8003 (http)
2021-05-16 23:05:55.494 INFO  org.apache.coyote.http11.Http11NioProtocol Line:173 - Initializing ProtocolHandler ["http-nio-8003"]
2021-05-16 23:05:55.495 INFO  org.apache.catalina.core.StandardService Line:173 - Starting service [Tomcat]
2021-05-16 23:05:55.496 INFO  org.apache.catalina.core.StandardEngine Line:173 - Starting Servlet engine: [Apache Tomcat/9.0.31]
2021-05-16 23:05:55.956 INFO  org.apache.catalina.core.ContainerBase.[Tomcat].[localhost].[/] Line:173 - Initializing Spring embedded WebApplicationContext
2021-05-16 23:05:55.958 INFO  org.springframework.web.context.ContextLoader Line:284 - Root WebApplicationContext: initialization completed in 4696 ms
2021-05-16 23:05:58.793 INFO  org.springframework.scheduling.concurrent.ThreadPoolTaskExecutor Line:181 - Initializing ExecutorService 'applicationTaskExecutor'
2021-05-16 23:05:59.127 INFO  springfox.documentation.spring.web.plugins.DocumentationPluginsBootstrapper Line:84  - Context refreshed
2021-05-16 23:05:59.153 INFO  springfox.documentation.spring.web.plugins.DocumentationPluginsBootstrapper Line:87  - Found 1 custom documentation plugin(s)
2021-05-16 23:05:59.165 INFO  springfox.documentation.spring.web.scanners.ApiListingReferenceScanner Line:44  - Scanning for api listing references
2021-05-16 23:05:59.369 INFO  org.apache.coyote.http11.Http11NioProtocol Line:173 - Starting ProtocolHandler ["http-nio-8003"]
2021-05-16 23:05:59.406 INFO  org.springframework.boot.web.embedded.tomcat.TomcatWebServer Line:204 - Tomcat started on port(s): 8003 (http) with context path ''
2021-05-16 23:05:59.411 INFO  com.cloud.user.Application Line:61  - Started Application in 11.088 seconds (JVM running for 17.314)
2021-05-16 23:07:06.592 INFO  org.apache.catalina.core.ContainerBase.[Tomcat].[localhost].[/] Line:173 - Initializing Spring DispatcherServlet 'dispatcherServlet'
2021-05-16 23:07:06.592 INFO  org.springframework.web.servlet.DispatcherServlet Line:525 - Initializing Servlet 'dispatcherServlet'
2021-05-16 23:07:06.603 INFO  org.springframework.web.servlet.DispatcherServlet Line:547 - Completed initialization in 9 ms
2021-05-16 23:07:07.087 INFO  io.lettuce.core.EpollProvider Line:68  - Starting without optional epoll library
2021-05-16 23:07:07.093 INFO  io.lettuce.core.KqueueProvider Line:70  - Starting without optional kqueue library
