2021-03-15 22:29:40.917 INFO  com.cloud.user.Application Line:55  - Starting Application on DESKTOP-510LF0A with PID 21404 (F:\ideaProject\cloud-news-dev\news-dev-services-user\target\classes started by 99141 in F:\ideaProject\cloud-news-dev)
2021-03-15 22:29:40.919 INFO  com.cloud.user.Application Line:655 - The following profiles are active: dev
2021-03-15 22:29:41.051 WARN  org.springframework.http.converter.json.Jackson2ObjectMapperBuilder Line:127 - For Jackson Kotlin classes support please add "com.fasterxml.jackson.module:jackson-module-kotlin" to the classpath
2021-03-15 22:29:42.020 INFO  org.springframework.data.repository.config.RepositoryConfigurationDelegate Line:249 - Multiple Spring Data modules found, entering strict repository configuration mode!
2021-03-15 22:29:42.023 INFO  org.springframework.data.repository.config.RepositoryConfigurationDelegate Line:127 - Bootstrapping Spring Data Redis repositories in DEFAULT mode.
2021-03-15 22:29:42.053 INFO  org.springframework.data.repository.config.RepositoryConfigurationDelegate Line:187 - Finished Spring Data repository scanning in 14ms. Found 0 Redis repository interfaces.
2021-03-15 22:29:42.565 INFO  org.springframework.boot.web.embedded.tomcat.TomcatWebServer Line:92  - Tomcat initialized with port(s): 8003 (http)
2021-03-15 22:29:42.576 INFO  org.apache.coyote.http11.Http11NioProtocol Line:173 - Initializing ProtocolHandler ["http-nio-8003"]
2021-03-15 22:29:42.577 INFO  org.apache.catalina.core.StandardService Line:173 - Starting service [Tomcat]
2021-03-15 22:29:42.577 INFO  org.apache.catalina.core.StandardEngine Line:173 - Starting Servlet engine: [Apache Tomcat/9.0.31]
2021-03-15 22:29:42.739 INFO  org.apache.catalina.core.ContainerBase.[Tomcat].[localhost].[/] Line:173 - Initializing Spring embedded WebApplicationContext
2021-03-15 22:29:42.739 INFO  org.springframework.web.context.ContextLoader Line:284 - Root WebApplicationContext: initialization completed in 1672 ms
2021-03-15 22:29:43.198 INFO  org.springframework.scheduling.concurrent.ThreadPoolTaskExecutor Line:181 - Initializing ExecutorService 'applicationTaskExecutor'
2021-03-15 22:29:44.047 INFO  springfox.documentation.spring.web.plugins.DocumentationPluginsBootstrapper Line:84  - Context refreshed
2021-03-15 22:29:44.063 INFO  springfox.documentation.spring.web.plugins.DocumentationPluginsBootstrapper Line:87  - Found 1 custom documentation plugin(s)
2021-03-15 22:29:44.071 INFO  springfox.documentation.spring.web.scanners.ApiListingReferenceScanner Line:44  - Scanning for api listing references
2021-03-15 22:29:44.220 INFO  org.apache.coyote.http11.Http11NioProtocol Line:173 - Starting ProtocolHandler ["http-nio-8003"]
2021-03-15 22:29:44.249 INFO  org.springframework.boot.web.embedded.tomcat.TomcatWebServer Line:204 - Tomcat started on port(s): 8003 (http) with context path ''
2021-03-15 22:29:44.251 INFO  com.cloud.user.Application Line:61  - Started Application in 4.421 seconds (JVM running for 6.436)
2021-03-15 22:29:49.791 INFO  org.apache.catalina.core.ContainerBase.[Tomcat].[localhost].[/] Line:173 - Initializing Spring DispatcherServlet 'dispatcherServlet'
2021-03-15 22:29:49.792 INFO  org.springframework.web.servlet.DispatcherServlet Line:525 - Initializing Servlet 'dispatcherServlet'
2021-03-15 22:29:49.797 INFO  org.springframework.web.servlet.DispatcherServlet Line:547 - Completed initialization in 5 ms
