2021-01-10 21:43:08.749 INFO  com.cloud.user.Application Line:55  - Starting Application on DESKTOP-510LF0A with PID 24864 (F:\ideaProject\cloud-news-dev\news-dev-services-user\target\classes started by 99141 in F:\ideaProject\cloud-news-dev)
2021-01-10 21:43:08.756 INFO  com.cloud.user.Application Line:655 - The following profiles are active: dev
2021-01-10 21:43:09.891 INFO  org.springframework.boot.web.embedded.tomcat.TomcatWebServer Line:92  - Tomcat initialized with port(s): 8103 (http)
2021-01-10 21:43:09.900 INFO  org.apache.coyote.http11.Http11NioProtocol Line:173 - Initializing ProtocolHandler ["http-nio-8103"]
2021-01-10 21:43:09.902 INFO  org.apache.catalina.core.StandardService Line:173 - Starting service [Tomcat]
2021-01-10 21:43:09.903 INFO  org.apache.catalina.core.StandardEngine Line:173 - Starting Servlet engine: [Apache Tomcat/9.0.31]
2021-01-10 21:43:10.051 INFO  org.apache.catalina.core.ContainerBase.[Tomcat].[localhost].[/] Line:173 - Initializing Spring embedded WebApplicationContext
2021-01-10 21:43:10.051 INFO  org.springframework.web.context.ContextLoader Line:284 - Root WebApplicationContext: initialization completed in 1142 ms
2021-01-10 21:43:10.249 INFO  org.springframework.scheduling.concurrent.ThreadPoolTaskExecutor Line:181 - Initializing ExecutorService 'applicationTaskExecutor'
2021-01-10 21:43:10.382 INFO  org.apache.coyote.http11.Http11NioProtocol Line:173 - Starting ProtocolHandler ["http-nio-8103"]
2021-01-10 21:43:10.408 INFO  org.springframework.boot.web.embedded.tomcat.TomcatWebServer Line:204 - Tomcat started on port(s): 8103 (http) with context path ''
2021-01-10 21:43:10.412 INFO  com.cloud.user.Application Line:61  - Started Application in 2.711 seconds (JVM running for 4.37)
2021-01-10 21:48:43.312 INFO  com.cloud.user.Application Line:55  - Starting Application on DESKTOP-510LF0A with PID 29068 (F:\ideaProject\cloud-news-dev\news-dev-services-user\target\classes started by 99141 in F:\ideaProject\cloud-news-dev)
2021-01-10 21:48:43.371 INFO  com.cloud.user.Application Line:655 - The following profiles are active: dev
2021-01-10 21:48:44.692 INFO  org.springframework.boot.web.embedded.tomcat.TomcatWebServer Line:92  - Tomcat initialized with port(s): 8103 (http)
2021-01-10 21:48:44.716 INFO  org.apache.coyote.http11.Http11NioProtocol Line:173 - Initializing ProtocolHandler ["http-nio-8103"]
2021-01-10 21:48:44.718 INFO  org.apache.catalina.core.StandardService Line:173 - Starting service [Tomcat]
2021-01-10 21:48:44.720 INFO  org.apache.catalina.core.StandardEngine Line:173 - Starting Servlet engine: [Apache Tomcat/9.0.31]
2021-01-10 21:48:45.019 INFO  org.apache.catalina.core.ContainerBase.[Tomcat].[localhost].[/] Line:173 - Initializing Spring embedded WebApplicationContext
2021-01-10 21:48:45.020 INFO  org.springframework.web.context.ContextLoader Line:284 - Root WebApplicationContext: initialization completed in 1580 ms
2021-01-10 21:48:45.436 INFO  org.springframework.scheduling.concurrent.ThreadPoolTaskExecutor Line:181 - Initializing ExecutorService 'applicationTaskExecutor'
2021-01-10 21:48:45.709 INFO  org.apache.coyote.http11.Http11NioProtocol Line:173 - Starting ProtocolHandler ["http-nio-8103"]
2021-01-10 21:48:45.756 INFO  org.springframework.boot.web.embedded.tomcat.TomcatWebServer Line:204 - Tomcat started on port(s): 8103 (http) with context path ''
2021-01-10 21:48:45.761 INFO  com.cloud.user.Application Line:61  - Started Application in 4.038 seconds (JVM running for 5.601)
2021-01-10 21:50:20.826 INFO  com.cloud.user.Application Line:55  - Starting Application on DESKTOP-510LF0A with PID 28548 (F:\ideaProject\cloud-news-dev\news-dev-services-user\target\classes started by 99141 in F:\ideaProject\cloud-news-dev)
2021-01-10 21:50:20.833 INFO  com.cloud.user.Application Line:655 - The following profiles are active: dev
2021-01-10 21:50:22.368 INFO  org.springframework.boot.web.embedded.tomcat.TomcatWebServer Line:92  - Tomcat initialized with port(s): 8103 (http)
2021-01-10 21:50:22.383 INFO  org.apache.coyote.http11.Http11NioProtocol Line:173 - Initializing ProtocolHandler ["http-nio-8103"]
2021-01-10 21:50:22.385 INFO  org.apache.catalina.core.StandardService Line:173 - Starting service [Tomcat]
2021-01-10 21:50:22.385 INFO  org.apache.catalina.core.StandardEngine Line:173 - Starting Servlet engine: [Apache Tomcat/9.0.31]
2021-01-10 21:50:22.565 INFO  org.apache.catalina.core.ContainerBase.[Tomcat].[localhost].[/] Line:173 - Initializing Spring embedded WebApplicationContext
2021-01-10 21:50:22.565 INFO  org.springframework.web.context.ContextLoader Line:284 - Root WebApplicationContext: initialization completed in 1544 ms
2021-01-10 21:50:22.771 INFO  org.springframework.scheduling.concurrent.ThreadPoolTaskExecutor Line:181 - Initializing ExecutorService 'applicationTaskExecutor'
2021-01-10 21:50:22.917 INFO  org.apache.coyote.http11.Http11NioProtocol Line:173 - Starting ProtocolHandler ["http-nio-8103"]
2021-01-10 21:50:22.949 INFO  org.springframework.boot.web.embedded.tomcat.TomcatWebServer Line:204 - Tomcat started on port(s): 8103 (http) with context path ''
2021-01-10 21:50:22.952 INFO  com.cloud.user.Application Line:61  - Started Application in 2.829 seconds (JVM running for 4.081)
2021-01-10 21:59:50.688 INFO  org.hibernate.validator.internal.util.Version Line:21  - HV000001: Hibernate Validator 6.0.18.Final
2021-01-10 21:59:50.891 INFO  com.cloud.user.Application Line:55  - Starting Application on DESKTOP-510LF0A with PID 29424 (F:\ideaProject\cloud-news-dev\news-dev-services-user\target\classes started by 99141 in F:\ideaProject\cloud-news-dev)
2021-01-10 21:59:50.892 INFO  com.cloud.user.Application Line:651 - No active profile set, falling back to default profiles: default
2021-01-10 21:59:51.932 INFO  org.springframework.boot.web.embedded.tomcat.TomcatWebServer Line:92  - Tomcat initialized with port(s): 8003 (http)
2021-01-10 21:59:51.941 INFO  org.apache.coyote.http11.Http11NioProtocol Line:173 - Initializing ProtocolHandler ["http-nio-8003"]
2021-01-10 21:59:51.942 INFO  org.apache.catalina.core.StandardService Line:173 - Starting service [Tomcat]
2021-01-10 21:59:51.942 INFO  org.apache.catalina.core.StandardEngine Line:173 - Starting Servlet engine: [Apache Tomcat/9.0.31]
2021-01-10 21:59:52.079 INFO  org.apache.catalina.core.ContainerBase.[Tomcat].[localhost].[/] Line:173 - Initializing Spring embedded WebApplicationContext
2021-01-10 21:59:52.079 INFO  org.springframework.web.context.ContextLoader Line:284 - Root WebApplicationContext: initialization completed in 1127 ms
2021-01-10 21:59:52.264 INFO  org.springframework.scheduling.concurrent.ThreadPoolTaskExecutor Line:181 - Initializing ExecutorService 'applicationTaskExecutor'
2021-01-10 21:59:52.421 INFO  org.apache.coyote.http11.Http11NioProtocol Line:173 - Starting ProtocolHandler ["http-nio-8003"]
2021-01-10 21:59:52.448 INFO  org.springframework.boot.web.embedded.tomcat.TomcatWebServer Line:204 - Tomcat started on port(s): 8003 (http) with context path ''
2021-01-10 21:59:52.451 INFO  com.cloud.user.Application Line:61  - Started Application in 2.541 seconds (JVM running for 3.922)
2021-01-10 22:00:30.182 INFO  org.apache.catalina.core.ContainerBase.[Tomcat].[localhost].[/] Line:173 - Initializing Spring DispatcherServlet 'dispatcherServlet'
2021-01-10 22:00:30.182 INFO  org.springframework.web.servlet.DispatcherServlet Line:525 - Initializing Servlet 'dispatcherServlet'
2021-01-10 22:00:30.191 INFO  org.springframework.web.servlet.DispatcherServlet Line:547 - Completed initialization in 8 ms
2021-01-10 22:00:30.212 INFO  com.cloud.user.controller.HelloController Line:19  - debug:debug----
2021-01-10 22:00:30.213 INFO  com.cloud.user.controller.HelloController Line:20  - info:info----
2021-01-10 22:00:30.213 INFO  com.cloud.user.controller.HelloController Line:21  - error:error----
2021-01-10 22:00:30.213 INFO  com.cloud.user.controller.HelloController Line:22  - warning:warning----
2021-01-10 22:12:06.452 INFO  com.cloud.user.Application Line:55  - Starting Application on DESKTOP-510LF0A with PID 31408 (F:\ideaProject\cloud-news-dev\news-dev-services-user\target\classes started by 99141 in F:\ideaProject\cloud-news-dev)
2021-01-10 22:12:06.464 INFO  com.cloud.user.Application Line:651 - No active profile set, falling back to default profiles: default
2021-01-10 22:12:08.645 INFO  org.springframework.boot.web.embedded.tomcat.TomcatWebServer Line:92  - Tomcat initialized with port(s): 8003 (http)
2021-01-10 22:12:08.662 INFO  org.apache.coyote.http11.Http11NioProtocol Line:173 - Initializing ProtocolHandler ["http-nio-8003"]
2021-01-10 22:12:08.665 INFO  org.apache.catalina.core.StandardService Line:173 - Starting service [Tomcat]
2021-01-10 22:12:08.666 INFO  org.apache.catalina.core.StandardEngine Line:173 - Starting Servlet engine: [Apache Tomcat/9.0.31]
2021-01-10 22:12:08.901 INFO  org.apache.catalina.core.ContainerBase.[Tomcat].[localhost].[/] Line:173 - Initializing Spring embedded WebApplicationContext
2021-01-10 22:12:08.903 INFO  org.springframework.web.context.ContextLoader Line:284 - Root WebApplicationContext: initialization completed in 2202 ms
2021-01-10 22:12:09.224 INFO  org.springframework.scheduling.concurrent.ThreadPoolTaskExecutor Line:181 - Initializing ExecutorService 'applicationTaskExecutor'
2021-01-10 22:12:09.434 INFO  org.apache.coyote.http11.Http11NioProtocol Line:173 - Starting ProtocolHandler ["http-nio-8003"]
2021-01-10 22:12:09.521 INFO  org.springframework.boot.web.embedded.tomcat.TomcatWebServer Line:204 - Tomcat started on port(s): 8003 (http) with context path ''
2021-01-10 22:12:09.527 INFO  com.cloud.user.Application Line:61  - Started Application in 4.634 seconds (JVM running for 6.703)
2021-01-10 22:12:14.541 INFO  org.apache.catalina.core.ContainerBase.[Tomcat].[localhost].[/] Line:173 - Initializing Spring DispatcherServlet 'dispatcherServlet'
2021-01-10 22:12:14.541 INFO  org.springframework.web.servlet.DispatcherServlet Line:525 - Initializing Servlet 'dispatcherServlet'
2021-01-10 22:12:14.554 INFO  org.springframework.web.servlet.DispatcherServlet Line:547 - Completed initialization in 13 ms
2021-01-10 22:14:55.139 INFO  com.cloud.user.Application Line:55  - Starting Application on DESKTOP-510LF0A with PID 30028 (F:\ideaProject\cloud-news-dev\news-dev-services-user\target\classes started by 99141 in F:\ideaProject\cloud-news-dev)
2021-01-10 22:14:55.147 INFO  com.cloud.user.Application Line:651 - No active profile set, falling back to default profiles: default
2021-01-10 22:14:56.646 INFO  org.springframework.boot.web.embedded.tomcat.TomcatWebServer Line:92  - Tomcat initialized with port(s): 8003 (http)
2021-01-10 22:14:56.661 INFO  org.apache.coyote.http11.Http11NioProtocol Line:173 - Initializing ProtocolHandler ["http-nio-8003"]
2021-01-10 22:14:56.661 INFO  org.apache.catalina.core.StandardService Line:173 - Starting service [Tomcat]
2021-01-10 22:14:56.662 INFO  org.apache.catalina.core.StandardEngine Line:173 - Starting Servlet engine: [Apache Tomcat/9.0.31]
2021-01-10 22:14:56.812 INFO  org.apache.catalina.core.ContainerBase.[Tomcat].[localhost].[/] Line:173 - Initializing Spring embedded WebApplicationContext
2021-01-10 22:14:56.812 INFO  org.springframework.web.context.ContextLoader Line:284 - Root WebApplicationContext: initialization completed in 1560 ms
2021-01-10 22:14:57.055 INFO  org.springframework.scheduling.concurrent.ThreadPoolTaskExecutor Line:181 - Initializing ExecutorService 'applicationTaskExecutor'
2021-01-10 22:14:57.195 INFO  org.apache.coyote.http11.Http11NioProtocol Line:173 - Starting ProtocolHandler ["http-nio-8003"]
2021-01-10 22:14:57.219 INFO  org.springframework.boot.web.embedded.tomcat.TomcatWebServer Line:204 - Tomcat started on port(s): 8003 (http) with context path ''
2021-01-10 22:14:57.222 INFO  com.cloud.user.Application Line:61  - Started Application in 2.935 seconds (JVM running for 4.23)
2021-01-10 22:15:41.926 INFO  org.apache.catalina.core.ContainerBase.[Tomcat].[localhost].[/] Line:173 - Initializing Spring DispatcherServlet 'dispatcherServlet'
2021-01-10 22:15:41.927 INFO  org.springframework.web.servlet.DispatcherServlet Line:525 - Initializing Servlet 'dispatcherServlet'
2021-01-10 22:15:41.931 INFO  org.springframework.web.servlet.DispatcherServlet Line:547 - Completed initialization in 4 ms
2021-01-10 22:16:54.146 INFO  com.cloud.user.Application Line:55  - Starting Application on DESKTOP-510LF0A with PID 31812 (F:\ideaProject\cloud-news-dev\news-dev-services-user\target\classes started by 99141 in F:\ideaProject\cloud-news-dev)
2021-01-10 22:16:54.150 INFO  com.cloud.user.Application Line:651 - No active profile set, falling back to default profiles: default
2021-01-10 22:16:55.119 INFO  org.springframework.boot.web.embedded.tomcat.TomcatWebServer Line:92  - Tomcat initialized with port(s): 8003 (http)
2021-01-10 22:16:55.126 INFO  org.apache.coyote.http11.Http11NioProtocol Line:173 - Initializing ProtocolHandler ["http-nio-8003"]
2021-01-10 22:16:55.126 INFO  org.apache.catalina.core.StandardService Line:173 - Starting service [Tomcat]
2021-01-10 22:16:55.126 INFO  org.apache.catalina.core.StandardEngine Line:173 - Starting Servlet engine: [Apache Tomcat/9.0.31]
2021-01-10 22:16:55.236 INFO  org.apache.catalina.core.ContainerBase.[Tomcat].[localhost].[/] Line:173 - Initializing Spring embedded WebApplicationContext
2021-01-10 22:16:55.236 INFO  org.springframework.web.context.ContextLoader Line:284 - Root WebApplicationContext: initialization completed in 951 ms
2021-01-10 22:16:55.378 INFO  org.springframework.scheduling.concurrent.ThreadPoolTaskExecutor Line:181 - Initializing ExecutorService 'applicationTaskExecutor'
2021-01-10 22:16:55.477 INFO  org.apache.coyote.http11.Http11NioProtocol Line:173 - Starting ProtocolHandler ["http-nio-8003"]
2021-01-10 22:16:55.505 INFO  org.springframework.boot.web.embedded.tomcat.TomcatWebServer Line:204 - Tomcat started on port(s): 8003 (http) with context path ''
2021-01-10 22:16:55.508 INFO  com.cloud.user.Application Line:61  - Started Application in 1.969 seconds (JVM running for 2.973)
2021-01-10 22:17:23.739 INFO  org.apache.catalina.core.ContainerBase.[Tomcat].[localhost].[/] Line:173 - Initializing Spring DispatcherServlet 'dispatcherServlet'
2021-01-10 22:17:23.739 INFO  org.springframework.web.servlet.DispatcherServlet Line:525 - Initializing Servlet 'dispatcherServlet'
2021-01-10 22:17:23.744 INFO  org.springframework.web.servlet.DispatcherServlet Line:547 - Completed initialization in 5 ms
2021-01-10 22:17:23.756 WARN  org.springframework.web.servlet.PageNotFound Line:1251 - No mapping for GET /doc.html
2021-01-10 22:17:23.982 WARN  org.springframework.web.servlet.PageNotFound Line:1251 - No mapping for GET /favicon.ico
2021-01-10 22:17:41.236 INFO  com.cloud.user.Application Line:55  - Starting Application on DESKTOP-510LF0A with PID 31316 (F:\ideaProject\cloud-news-dev\news-dev-services-user\target\classes started by 99141 in F:\ideaProject\cloud-news-dev)
2021-01-10 22:17:41.241 INFO  com.cloud.user.Application Line:651 - No active profile set, falling back to default profiles: default
2021-01-10 22:17:42.150 INFO  org.springframework.boot.web.embedded.tomcat.TomcatWebServer Line:92  - Tomcat initialized with port(s): 8003 (http)
2021-01-10 22:17:42.158 INFO  org.apache.coyote.http11.Http11NioProtocol Line:173 - Initializing ProtocolHandler ["http-nio-8003"]
2021-01-10 22:17:42.158 INFO  org.apache.catalina.core.StandardService Line:173 - Starting service [Tomcat]
2021-01-10 22:17:42.159 INFO  org.apache.catalina.core.StandardEngine Line:173 - Starting Servlet engine: [Apache Tomcat/9.0.31]
2021-01-10 22:17:42.274 INFO  org.apache.catalina.core.ContainerBase.[Tomcat].[localhost].[/] Line:173 - Initializing Spring embedded WebApplicationContext
2021-01-10 22:17:42.275 INFO  org.springframework.web.context.ContextLoader Line:284 - Root WebApplicationContext: initialization completed in 945 ms
2021-01-10 22:17:42.425 INFO  org.springframework.scheduling.concurrent.ThreadPoolTaskExecutor Line:181 - Initializing ExecutorService 'applicationTaskExecutor'
2021-01-10 22:17:42.532 INFO  org.apache.coyote.http11.Http11NioProtocol Line:173 - Starting ProtocolHandler ["http-nio-8003"]
2021-01-10 22:17:42.552 INFO  org.springframework.boot.web.embedded.tomcat.TomcatWebServer Line:204 - Tomcat started on port(s): 8003 (http) with context path ''
2021-01-10 22:17:42.555 INFO  com.cloud.user.Application Line:61  - Started Application in 1.927 seconds (JVM running for 2.962)
2021-01-10 22:17:46.779 INFO  org.apache.catalina.core.ContainerBase.[Tomcat].[localhost].[/] Line:173 - Initializing Spring DispatcherServlet 'dispatcherServlet'
2021-01-10 22:17:46.779 INFO  org.springframework.web.servlet.DispatcherServlet Line:525 - Initializing Servlet 'dispatcherServlet'
2021-01-10 22:17:46.783 INFO  org.springframework.web.servlet.DispatcherServlet Line:547 - Completed initialization in 4 ms
2021-01-10 22:24:01.022 INFO  com.cloud.user.Application Line:55  - Starting Application on DESKTOP-510LF0A with PID 24604 (F:\ideaProject\cloud-news-dev\news-dev-services-user\target\classes started by 99141 in F:\ideaProject\cloud-news-dev)
2021-01-10 22:24:01.028 INFO  com.cloud.user.Application Line:651 - No active profile set, falling back to default profiles: default
2021-01-10 22:24:02.157 INFO  org.springframework.boot.web.embedded.tomcat.TomcatWebServer Line:92  - Tomcat initialized with port(s): 8003 (http)
2021-01-10 22:24:02.166 INFO  org.apache.coyote.http11.Http11NioProtocol Line:173 - Initializing ProtocolHandler ["http-nio-8003"]
2021-01-10 22:24:02.167 INFO  org.apache.catalina.core.StandardService Line:173 - Starting service [Tomcat]
2021-01-10 22:24:02.167 INFO  org.apache.catalina.core.StandardEngine Line:173 - Starting Servlet engine: [Apache Tomcat/9.0.31]
2021-01-10 22:24:02.282 INFO  org.apache.catalina.core.ContainerBase.[Tomcat].[localhost].[/] Line:173 - Initializing Spring embedded WebApplicationContext
2021-01-10 22:24:02.282 INFO  org.springframework.web.context.ContextLoader Line:284 - Root WebApplicationContext: initialization completed in 1128 ms
2021-01-10 22:24:02.467 INFO  org.springframework.scheduling.concurrent.ThreadPoolTaskExecutor Line:181 - Initializing ExecutorService 'applicationTaskExecutor'
2021-01-10 22:24:02.588 INFO  org.apache.coyote.http11.Http11NioProtocol Line:173 - Starting ProtocolHandler ["http-nio-8003"]
2021-01-10 22:24:02.623 INFO  org.springframework.boot.web.embedded.tomcat.TomcatWebServer Line:204 - Tomcat started on port(s): 8003 (http) with context path ''
2021-01-10 22:24:02.626 INFO  com.cloud.user.Application Line:61  - Started Application in 2.356 seconds (JVM running for 3.517)
2021-01-10 22:24:06.528 INFO  org.apache.catalina.core.ContainerBase.[Tomcat].[localhost].[/] Line:173 - Initializing Spring DispatcherServlet 'dispatcherServlet'
2021-01-10 22:24:06.528 INFO  org.springframework.web.servlet.DispatcherServlet Line:525 - Initializing Servlet 'dispatcherServlet'
2021-01-10 22:24:06.532 INFO  org.springframework.web.servlet.DispatcherServlet Line:547 - Completed initialization in 4 ms
2021-01-10 22:26:03.617 INFO  com.cloud.user.Application Line:55  - Starting Application on DESKTOP-510LF0A with PID 29596 (F:\ideaProject\cloud-news-dev\news-dev-services-user\target\classes started by 99141 in F:\ideaProject\cloud-news-dev)
2021-01-10 22:26:03.623 INFO  com.cloud.user.Application Line:651 - No active profile set, falling back to default profiles: default
2021-01-10 22:26:05.190 INFO  org.springframework.boot.web.embedded.tomcat.TomcatWebServer Line:92  - Tomcat initialized with port(s): 8003 (http)
2021-01-10 22:26:05.203 INFO  org.apache.coyote.http11.Http11NioProtocol Line:173 - Initializing ProtocolHandler ["http-nio-8003"]
2021-01-10 22:26:05.204 INFO  org.apache.catalina.core.StandardService Line:173 - Starting service [Tomcat]
2021-01-10 22:26:05.204 INFO  org.apache.catalina.core.StandardEngine Line:173 - Starting Servlet engine: [Apache Tomcat/9.0.31]
2021-01-10 22:26:05.388 INFO  org.apache.catalina.core.ContainerBase.[Tomcat].[localhost].[/] Line:173 - Initializing Spring embedded WebApplicationContext
2021-01-10 22:26:05.389 INFO  org.springframework.web.context.ContextLoader Line:284 - Root WebApplicationContext: initialization completed in 1605 ms
2021-01-10 22:26:05.660 INFO  org.springframework.scheduling.concurrent.ThreadPoolTaskExecutor Line:181 - Initializing ExecutorService 'applicationTaskExecutor'
2021-01-10 22:26:05.822 INFO  org.apache.coyote.http11.Http11NioProtocol Line:173 - Starting ProtocolHandler ["http-nio-8003"]
2021-01-10 22:26:05.865 INFO  org.springframework.boot.web.embedded.tomcat.TomcatWebServer Line:204 - Tomcat started on port(s): 8003 (http) with context path ''
2021-01-10 22:26:05.871 INFO  com.cloud.user.Application Line:61  - Started Application in 3.674 seconds (JVM running for 5.692)
2021-01-10 22:26:09.438 INFO  org.apache.catalina.core.ContainerBase.[Tomcat].[localhost].[/] Line:173 - Initializing Spring DispatcherServlet 'dispatcherServlet'
2021-01-10 22:26:09.439 INFO  org.springframework.web.servlet.DispatcherServlet Line:525 - Initializing Servlet 'dispatcherServlet'
2021-01-10 22:26:09.450 INFO  org.springframework.web.servlet.DispatcherServlet Line:547 - Completed initialization in 10 ms
2021-01-10 22:26:52.580 INFO  com.cloud.user.Application Line:55  - Starting Application on DESKTOP-510LF0A with PID 32204 (F:\ideaProject\cloud-news-dev\news-dev-services-user\target\classes started by 99141 in F:\ideaProject\cloud-news-dev)
2021-01-10 22:26:52.587 INFO  com.cloud.user.Application Line:651 - No active profile set, falling back to default profiles: default
2021-01-10 22:26:53.456 INFO  org.springframework.boot.web.embedded.tomcat.TomcatWebServer Line:92  - Tomcat initialized with port(s): 8003 (http)
2021-01-10 22:26:53.464 INFO  org.apache.coyote.http11.Http11NioProtocol Line:173 - Initializing ProtocolHandler ["http-nio-8003"]
2021-01-10 22:26:53.465 INFO  org.apache.catalina.core.StandardService Line:173 - Starting service [Tomcat]
2021-01-10 22:26:53.465 INFO  org.apache.catalina.core.StandardEngine Line:173 - Starting Servlet engine: [Apache Tomcat/9.0.31]
2021-01-10 22:26:53.589 INFO  org.apache.catalina.core.ContainerBase.[Tomcat].[localhost].[/] Line:173 - Initializing Spring embedded WebApplicationContext
2021-01-10 22:26:53.590 INFO  org.springframework.web.context.ContextLoader Line:284 - Root WebApplicationContext: initialization completed in 925 ms
2021-01-10 22:26:53.746 INFO  org.springframework.scheduling.concurrent.ThreadPoolTaskExecutor Line:181 - Initializing ExecutorService 'applicationTaskExecutor'
2021-01-10 22:26:53.862 INFO  org.apache.coyote.http11.Http11NioProtocol Line:173 - Starting ProtocolHandler ["http-nio-8003"]
2021-01-10 22:26:53.886 INFO  org.springframework.boot.web.embedded.tomcat.TomcatWebServer Line:204 - Tomcat started on port(s): 8003 (http) with context path ''
2021-01-10 22:26:53.888 INFO  com.cloud.user.Application Line:61  - Started Application in 2.541 seconds (JVM running for 3.99)
2021-01-10 22:27:10.977 INFO  org.apache.catalina.core.ContainerBase.[Tomcat].[localhost].[/] Line:173 - Initializing Spring DispatcherServlet 'dispatcherServlet'
2021-01-10 22:27:10.977 INFO  org.springframework.web.servlet.DispatcherServlet Line:525 - Initializing Servlet 'dispatcherServlet'
2021-01-10 22:27:10.982 INFO  org.springframework.web.servlet.DispatcherServlet Line:547 - Completed initialization in 5 ms
2021-01-10 22:28:24.816 INFO  com.cloud.user.controller.HelloController Line:19  - debug:debug----
2021-01-10 22:28:24.816 INFO  com.cloud.user.controller.HelloController Line:20  - info:info----
2021-01-10 22:28:24.816 INFO  com.cloud.user.controller.HelloController Line:21  - error:error----
2021-01-10 22:28:24.816 INFO  com.cloud.user.controller.HelloController Line:22  - warning:warning----
2021-01-10 22:36:37.188 INFO  com.cloud.user.Application Line:55  - Starting Application on DESKTOP-510LF0A with PID 30528 (F:\ideaProject\cloud-news-dev\news-dev-services-user\target\classes started by 99141 in F:\ideaProject\cloud-news-dev)
2021-01-10 22:36:37.196 INFO  com.cloud.user.Application Line:651 - No active profile set, falling back to default profiles: default
2021-01-10 22:36:38.139 INFO  org.springframework.boot.web.embedded.tomcat.TomcatWebServer Line:92  - Tomcat initialized with port(s): 8003 (http)
2021-01-10 22:36:38.146 INFO  org.apache.coyote.http11.Http11NioProtocol Line:173 - Initializing ProtocolHandler ["http-nio-8003"]
2021-01-10 22:36:38.147 INFO  org.apache.catalina.core.StandardService Line:173 - Starting service [Tomcat]
2021-01-10 22:36:38.147 INFO  org.apache.catalina.core.StandardEngine Line:173 - Starting Servlet engine: [Apache Tomcat/9.0.31]
2021-01-10 22:36:38.269 INFO  org.apache.catalina.core.ContainerBase.[Tomcat].[localhost].[/] Line:173 - Initializing Spring embedded WebApplicationContext
2021-01-10 22:36:38.270 INFO  org.springframework.web.context.ContextLoader Line:284 - Root WebApplicationContext: initialization completed in 957 ms
2021-01-10 22:36:38.415 INFO  org.springframework.scheduling.concurrent.ThreadPoolTaskExecutor Line:181 - Initializing ExecutorService 'applicationTaskExecutor'
2021-01-10 22:36:38.522 INFO  org.apache.coyote.http11.Http11NioProtocol Line:173 - Starting ProtocolHandler ["http-nio-8003"]
2021-01-10 22:36:38.541 INFO  org.springframework.boot.web.embedded.tomcat.TomcatWebServer Line:204 - Tomcat started on port(s): 8003 (http) with context path ''
2021-01-10 22:36:38.544 INFO  com.cloud.user.Application Line:61  - Started Application in 2.051 seconds (JVM running for 3.135)
2021-01-10 22:39:36.412 INFO  org.apache.catalina.core.ContainerBase.[Tomcat].[localhost].[/] Line:173 - Initializing Spring DispatcherServlet 'dispatcherServlet'
2021-01-10 22:39:36.412 INFO  org.springframework.web.servlet.DispatcherServlet Line:525 - Initializing Servlet 'dispatcherServlet'
2021-01-10 22:39:36.416 INFO  org.springframework.web.servlet.DispatcherServlet Line:547 - Completed initialization in 3 ms
2021-01-10 22:40:00.813 INFO  com.cloud.user.controller.HelloController Line:19  - debug:debug----
2021-01-10 22:40:00.814 INFO  com.cloud.user.controller.HelloController Line:20  - info:info----
2021-01-10 22:40:00.814 INFO  com.cloud.user.controller.HelloController Line:21  - error:error----
2021-01-10 22:40:00.814 INFO  com.cloud.user.controller.HelloController Line:22  - warning:warning----
