2021-01-11 21:48:55.033 INFO  com.cloud.user.Application Line:55  - Starting Application on DESKTOP-510LF0A with PID 27992 (F:\ideaProject\cloud-news-dev\news-dev-services-user\target\classes started by 99141 in F:\ideaProject\cloud-news-dev)
2021-01-11 21:48:55.036 INFO  com.cloud.user.Application Line:651 - No active profile set, falling back to default profiles: default
2021-01-11 21:48:56.013 INFO  org.springframework.boot.web.embedded.tomcat.TomcatWebServer Line:92  - Tomcat initialized with port(s): 8003 (http)
2021-01-11 21:48:56.021 INFO  org.apache.coyote.http11.Http11NioProtocol Line:173 - Initializing ProtocolHandler ["http-nio-8003"]
2021-01-11 21:48:56.022 INFO  org.apache.catalina.core.StandardService Line:173 - Starting service [Tomcat]
2021-01-11 21:48:56.023 INFO  org.apache.catalina.core.StandardEngine Line:173 - Starting Servlet engine: [Apache Tomcat/9.0.31]
2021-01-11 21:48:56.144 INFO  org.apache.catalina.core.ContainerBase.[Tomcat].[localhost].[/] Line:173 - Initializing Spring embedded WebApplicationContext
2021-01-11 21:48:56.144 INFO  org.springframework.web.context.ContextLoader Line:284 - Root WebApplicationContext: initialization completed in 1029 ms
2021-01-11 21:48:56.304 INFO  org.springframework.scheduling.concurrent.ThreadPoolTaskExecutor Line:181 - Initializing ExecutorService 'applicationTaskExecutor'
2021-01-11 21:48:56.429 INFO  org.apache.coyote.http11.Http11NioProtocol Line:173 - Starting ProtocolHandler ["http-nio-8003"]
2021-01-11 21:48:56.452 INFO  org.springframework.boot.web.embedded.tomcat.TomcatWebServer Line:204 - Tomcat started on port(s): 8003 (http) with context path ''
2021-01-11 21:48:56.455 INFO  com.cloud.user.Application Line:61  - Started Application in 2.252 seconds (JVM running for 3.712)
2021-01-11 21:49:13.056 INFO  org.apache.catalina.core.ContainerBase.[Tomcat].[localhost].[/] Line:173 - Initializing Spring DispatcherServlet 'dispatcherServlet'
2021-01-11 21:49:13.056 INFO  org.springframework.web.servlet.DispatcherServlet Line:525 - Initializing Servlet 'dispatcherServlet'
2021-01-11 21:49:13.060 INFO  org.springframework.web.servlet.DispatcherServlet Line:547 - Completed initialization in 4 ms
2021-01-11 21:51:47.441 INFO  com.cloud.user.Application Line:55  - Starting Application on DESKTOP-510LF0A with PID 16492 (F:\ideaProject\cloud-news-dev\news-dev-services-user\target\classes started by 99141 in F:\ideaProject\cloud-news-dev)
2021-01-11 21:51:47.447 INFO  com.cloud.user.Application Line:651 - No active profile set, falling back to default profiles: default
2021-01-11 21:51:48.365 INFO  org.springframework.boot.web.embedded.tomcat.TomcatWebServer Line:92  - Tomcat initialized with port(s): 8003 (http)
2021-01-11 21:51:48.375 INFO  org.apache.coyote.http11.Http11NioProtocol Line:173 - Initializing ProtocolHandler ["http-nio-8003"]
2021-01-11 21:51:48.375 INFO  org.apache.catalina.core.StandardService Line:173 - Starting service [Tomcat]
2021-01-11 21:51:48.375 INFO  org.apache.catalina.core.StandardEngine Line:173 - Starting Servlet engine: [Apache Tomcat/9.0.31]
2021-01-11 21:51:48.498 INFO  org.apache.catalina.core.ContainerBase.[Tomcat].[localhost].[/] Line:173 - Initializing Spring embedded WebApplicationContext
2021-01-11 21:51:48.498 INFO  org.springframework.web.context.ContextLoader Line:284 - Root WebApplicationContext: initialization completed in 884 ms
2021-01-11 21:51:48.645 INFO  org.springframework.scheduling.concurrent.ThreadPoolTaskExecutor Line:181 - Initializing ExecutorService 'applicationTaskExecutor'
2021-01-11 21:51:48.748 INFO  org.apache.coyote.http11.Http11NioProtocol Line:173 - Starting ProtocolHandler ["http-nio-8003"]
2021-01-11 21:51:48.775 INFO  org.springframework.boot.web.embedded.tomcat.TomcatWebServer Line:204 - Tomcat started on port(s): 8003 (http) with context path ''
2021-01-11 21:51:48.777 INFO  com.cloud.user.Application Line:61  - Started Application in 1.919 seconds (JVM running for 2.969)
2021-01-11 21:51:56.642 INFO  org.apache.catalina.core.ContainerBase.[Tomcat].[localhost].[/] Line:173 - Initializing Spring DispatcherServlet 'dispatcherServlet'
2021-01-11 21:51:56.642 INFO  org.springframework.web.servlet.DispatcherServlet Line:525 - Initializing Servlet 'dispatcherServlet'
2021-01-11 21:51:56.648 INFO  org.springframework.web.servlet.DispatcherServlet Line:547 - Completed initialization in 6 ms
2021-01-11 22:02:13.761 INFO  com.cloud.user.Application Line:55  - Starting Application on DESKTOP-510LF0A with PID 19568 (F:\ideaProject\cloud-news-dev\news-dev-services-user\target\classes started by 99141 in F:\ideaProject\cloud-news-dev)
2021-01-11 22:02:13.768 INFO  com.cloud.user.Application Line:651 - No active profile set, falling back to default profiles: default
2021-01-11 22:02:15.014 INFO  org.springframework.boot.web.embedded.tomcat.TomcatWebServer Line:92  - Tomcat initialized with port(s): 8003 (http)
2021-01-11 22:02:15.020 INFO  org.apache.coyote.http11.Http11NioProtocol Line:173 - Initializing ProtocolHandler ["http-nio-8003"]
2021-01-11 22:02:15.021 INFO  org.apache.catalina.core.StandardService Line:173 - Starting service [Tomcat]
2021-01-11 22:02:15.021 INFO  org.apache.catalina.core.StandardEngine Line:173 - Starting Servlet engine: [Apache Tomcat/9.0.31]
2021-01-11 22:02:15.137 INFO  org.apache.catalina.core.ContainerBase.[Tomcat].[localhost].[/] Line:173 - Initializing Spring embedded WebApplicationContext
2021-01-11 22:02:15.138 INFO  org.springframework.web.context.ContextLoader Line:284 - Root WebApplicationContext: initialization completed in 1135 ms
2021-01-11 22:02:15.284 INFO  org.springframework.scheduling.concurrent.ThreadPoolTaskExecutor Line:181 - Initializing ExecutorService 'applicationTaskExecutor'
2021-01-11 22:02:15.386 INFO  org.apache.coyote.http11.Http11NioProtocol Line:173 - Starting ProtocolHandler ["http-nio-8003"]
2021-01-11 22:02:15.409 INFO  org.springframework.boot.web.embedded.tomcat.TomcatWebServer Line:204 - Tomcat started on port(s): 8003 (http) with context path ''
2021-01-11 22:02:15.411 INFO  com.cloud.user.Application Line:61  - Started Application in 2.304 seconds (JVM running for 3.424)
2021-01-11 22:02:25.888 INFO  org.apache.catalina.core.ContainerBase.[Tomcat].[localhost].[/] Line:173 - Initializing Spring DispatcherServlet 'dispatcherServlet'
2021-01-11 22:02:25.888 INFO  org.springframework.web.servlet.DispatcherServlet Line:525 - Initializing Servlet 'dispatcherServlet'
2021-01-11 22:02:25.893 INFO  org.springframework.web.servlet.DispatcherServlet Line:547 - Completed initialization in 5 ms
2021-01-11 22:02:25.910 INFO  com.cloud.user.controller.HelloController Line:19  - debug:debug----
2021-01-11 22:02:25.911 INFO  com.cloud.user.controller.HelloController Line:20  - info:info----
2021-01-11 22:02:25.911 INFO  com.cloud.user.controller.HelloController Line:21  - error:error----
2021-01-11 22:02:25.911 INFO  com.cloud.user.controller.HelloController Line:22  - warning:warning----
2021-01-11 22:05:19.175 INFO  com.cloud.user.controller.HelloController Line:19  - debug:debug----
2021-01-11 22:05:19.175 INFO  com.cloud.user.controller.HelloController Line:20  - info:info----
2021-01-11 22:05:19.176 INFO  com.cloud.user.controller.HelloController Line:21  - error:error----
2021-01-11 22:05:19.176 INFO  com.cloud.user.controller.HelloController Line:22  - warning:warning----
2021-01-11 22:05:39.221 INFO  com.cloud.user.Application Line:55  - Starting Application on DESKTOP-510LF0A with PID 27996 (F:\ideaProject\cloud-news-dev\news-dev-services-user\target\classes started by 99141 in F:\ideaProject\cloud-news-dev)
2021-01-11 22:05:39.264 INFO  com.cloud.user.Application Line:651 - No active profile set, falling back to default profiles: default
2021-01-11 22:05:40.022 INFO  org.springframework.boot.web.embedded.tomcat.TomcatWebServer Line:92  - Tomcat initialized with port(s): 8003 (http)
2021-01-11 22:05:40.030 INFO  org.apache.coyote.http11.Http11NioProtocol Line:173 - Initializing ProtocolHandler ["http-nio-8003"]
2021-01-11 22:05:40.031 INFO  org.apache.catalina.core.StandardService Line:173 - Starting service [Tomcat]
2021-01-11 22:05:40.031 INFO  org.apache.catalina.core.StandardEngine Line:173 - Starting Servlet engine: [Apache Tomcat/9.0.31]
2021-01-11 22:05:40.142 INFO  org.apache.catalina.core.ContainerBase.[Tomcat].[localhost].[/] Line:173 - Initializing Spring embedded WebApplicationContext
2021-01-11 22:05:40.142 INFO  org.springframework.web.context.ContextLoader Line:284 - Root WebApplicationContext: initialization completed in 838 ms
2021-01-11 22:05:40.289 INFO  org.springframework.scheduling.concurrent.ThreadPoolTaskExecutor Line:181 - Initializing ExecutorService 'applicationTaskExecutor'
2021-01-11 22:05:40.398 INFO  org.apache.coyote.http11.Http11NioProtocol Line:173 - Starting ProtocolHandler ["http-nio-8003"]
2021-01-11 22:05:40.421 INFO  org.springframework.boot.web.embedded.tomcat.TomcatWebServer Line:204 - Tomcat started on port(s): 8003 (http) with context path ''
2021-01-11 22:05:40.424 INFO  com.cloud.user.Application Line:61  - Started Application in 2.215 seconds (JVM running for 3.349)
2021-01-11 22:05:47.165 INFO  org.apache.catalina.core.ContainerBase.[Tomcat].[localhost].[/] Line:173 - Initializing Spring DispatcherServlet 'dispatcherServlet'
2021-01-11 22:05:47.165 INFO  org.springframework.web.servlet.DispatcherServlet Line:525 - Initializing Servlet 'dispatcherServlet'
2021-01-11 22:05:47.169 INFO  org.springframework.web.servlet.DispatcherServlet Line:547 - Completed initialization in 4 ms
2021-01-11 22:07:03.507 INFO  com.cloud.user.Application Line:55  - Starting Application on DESKTOP-510LF0A with PID 29488 (F:\ideaProject\cloud-news-dev\news-dev-services-user\target\classes started by 99141 in F:\ideaProject\cloud-news-dev)
2021-01-11 22:07:03.512 INFO  com.cloud.user.Application Line:655 - The following profiles are active: dev
2021-01-11 22:07:04.457 INFO  org.springframework.boot.web.embedded.tomcat.TomcatWebServer Line:92  - Tomcat initialized with port(s): 8003 (http)
2021-01-11 22:07:04.464 INFO  org.apache.coyote.http11.Http11NioProtocol Line:173 - Initializing ProtocolHandler ["http-nio-8003"]
2021-01-11 22:07:04.465 INFO  org.apache.catalina.core.StandardService Line:173 - Starting service [Tomcat]
2021-01-11 22:07:04.465 INFO  org.apache.catalina.core.StandardEngine Line:173 - Starting Servlet engine: [Apache Tomcat/9.0.31]
2021-01-11 22:07:04.586 INFO  org.apache.catalina.core.ContainerBase.[Tomcat].[localhost].[/] Line:173 - Initializing Spring embedded WebApplicationContext
2021-01-11 22:07:04.586 INFO  org.springframework.web.context.ContextLoader Line:284 - Root WebApplicationContext: initialization completed in 957 ms
2021-01-11 22:07:04.732 INFO  org.springframework.scheduling.concurrent.ThreadPoolTaskExecutor Line:181 - Initializing ExecutorService 'applicationTaskExecutor'
2021-01-11 22:07:04.836 INFO  org.apache.coyote.http11.Http11NioProtocol Line:173 - Starting ProtocolHandler ["http-nio-8003"]
2021-01-11 22:07:04.856 INFO  org.springframework.boot.web.embedded.tomcat.TomcatWebServer Line:204 - Tomcat started on port(s): 8003 (http) with context path ''
2021-01-11 22:07:04.858 INFO  com.cloud.user.Application Line:61  - Started Application in 2.0 seconds (JVM running for 3.117)
2021-01-11 22:07:08.781 INFO  org.apache.catalina.core.ContainerBase.[Tomcat].[localhost].[/] Line:173 - Initializing Spring DispatcherServlet 'dispatcherServlet'
2021-01-11 22:07:08.781 INFO  org.springframework.web.servlet.DispatcherServlet Line:525 - Initializing Servlet 'dispatcherServlet'
2021-01-11 22:07:08.785 INFO  org.springframework.web.servlet.DispatcherServlet Line:547 - Completed initialization in 4 ms
2021-01-11 22:07:15.913 INFO  com.cloud.user.controller.HelloController Line:19  - debug:debug----
2021-01-11 22:07:15.914 INFO  com.cloud.user.controller.HelloController Line:20  - info:info----
2021-01-11 22:07:15.915 INFO  com.cloud.user.controller.HelloController Line:21  - error:error----
2021-01-11 22:07:15.916 INFO  com.cloud.user.controller.HelloController Line:22  - warning:warning----
2021-01-11 22:14:58.111 INFO  com.cloud.user.Application Line:55  - Starting Application on DESKTOP-510LF0A with PID 18112 (F:\ideaProject\cloud-news-dev\news-dev-services-user\target\classes started by 99141 in F:\ideaProject\cloud-news-dev)
2021-01-11 22:14:58.115 INFO  com.cloud.user.Application Line:655 - The following profiles are active: dev
2021-01-11 22:15:08.614 INFO  org.springframework.boot.web.embedded.tomcat.TomcatWebServer Line:92  - Tomcat initialized with port(s): 8003 (http)
2021-01-11 22:15:08.622 INFO  org.apache.coyote.http11.Http11NioProtocol Line:173 - Initializing ProtocolHandler ["http-nio-8003"]
2021-01-11 22:15:08.623 INFO  org.apache.catalina.core.StandardService Line:173 - Starting service [Tomcat]
2021-01-11 22:15:08.623 INFO  org.apache.catalina.core.StandardEngine Line:173 - Starting Servlet engine: [Apache Tomcat/9.0.31]
2021-01-11 22:15:08.749 INFO  org.apache.catalina.core.ContainerBase.[Tomcat].[localhost].[/] Line:173 - Initializing Spring embedded WebApplicationContext
2021-01-11 22:15:08.750 INFO  org.springframework.web.context.ContextLoader Line:284 - Root WebApplicationContext: initialization completed in 10548 ms
2021-01-11 22:15:08.905 INFO  org.springframework.scheduling.concurrent.ThreadPoolTaskExecutor Line:181 - Initializing ExecutorService 'applicationTaskExecutor'
2021-01-11 22:15:09.027 INFO  org.apache.coyote.http11.Http11NioProtocol Line:173 - Starting ProtocolHandler ["http-nio-8003"]
2021-01-11 22:15:09.055 INFO  org.springframework.boot.web.embedded.tomcat.TomcatWebServer Line:204 - Tomcat started on port(s): 8003 (http) with context path ''
2021-01-11 22:15:09.058 INFO  com.cloud.user.Application Line:61  - Started Application in 20.286 seconds (JVM running for 100.569)
2021-01-11 22:15:14.930 INFO  org.apache.catalina.core.ContainerBase.[Tomcat].[localhost].[/] Line:173 - Initializing Spring DispatcherServlet 'dispatcherServlet'
2021-01-11 22:15:14.930 INFO  org.springframework.web.servlet.DispatcherServlet Line:525 - Initializing Servlet 'dispatcherServlet'
2021-01-11 22:15:14.936 INFO  org.springframework.web.servlet.DispatcherServlet Line:547 - Completed initialization in 6 ms
2021-01-11 22:16:20.684 INFO  com.cloud.user.controller.HelloController Line:19  - debug:debug----
2021-01-11 22:16:22.176 INFO  com.cloud.user.controller.HelloController Line:19  - debug:debug----
2021-01-11 22:16:22.175 INFO  com.cloud.user.controller.HelloController Line:20  - info:info----
2021-01-11 22:16:22.176 INFO  com.cloud.user.controller.HelloController Line:20  - info:info----
2021-01-11 22:16:22.176 INFO  com.cloud.user.controller.HelloController Line:21  - error:error----
2021-01-11 22:16:22.176 INFO  com.cloud.user.controller.HelloController Line:22  - warning:warning----
2021-01-11 22:16:27.552 INFO  com.cloud.user.controller.HelloController Line:21  - error:error----
2021-01-11 22:16:28.163 INFO  com.cloud.user.controller.HelloController Line:22  - warning:warning----
