2021-06-20 22:50:00.968 INFO  com.cloud.user.Application Line:55  - Starting Application on DESKTOP-510LF0A with PID 19564 (F:\ideaProject\cloud-news-dev\news-dev-services-user\target\classes started by 99141 in F:\ideaProject\cloud-news-dev)
2021-06-20 22:50:00.972 INFO  com.cloud.user.Application Line:655 - The following profiles are active: dev
2021-06-20 22:50:01.126 WARN  org.springframework.http.converter.json.Jackson2ObjectMapperBuilder Line:127 - For Jackson Kotlin classes support please add "com.fasterxml.jackson.module:jackson-module-kotlin" to the classpath
2021-06-20 22:50:02.171 WARN  tk.mybatis.spring.mapper.ClassPathMapperScanner Line:146 - No MyBatis mapper was found in '[com.cloud.user]' package. Please check your configuration.
2021-06-20 22:50:02.242 INFO  org.springframework.data.repository.config.RepositoryConfigurationDelegate Line:249 - Multiple Spring Data modules found, entering strict repository configuration mode!
2021-06-20 22:50:02.245 INFO  org.springframework.data.repository.config.RepositoryConfigurationDelegate Line:127 - Bootstrapping Spring Data Redis repositories in DEFAULT mode.
2021-06-20 22:50:02.288 INFO  org.springframework.data.repository.config.RepositoryConfigurationDelegate Line:187 - Finished Spring Data repository scanning in 21ms. Found 0 Redis repository interfaces.
2021-06-20 22:50:02.441 WARN  org.mybatis.spring.mapper.ClassPathMapperScanner Line:44  - No MyBatis mapper was found in '[com.cloud.user]' package. Please check your configuration.
2021-06-20 22:50:04.019 INFO  org.springframework.boot.web.embedded.tomcat.TomcatWebServer Line:92  - Tomcat initialized with port(s): 8003 (http)
2021-06-20 22:50:04.037 INFO  org.apache.coyote.http11.Http11NioProtocol Line:173 - Initializing ProtocolHandler ["http-nio-8003"]
2021-06-20 22:50:04.038 INFO  org.apache.catalina.core.StandardService Line:173 - Starting service [Tomcat]
2021-06-20 22:50:04.039 INFO  org.apache.catalina.core.StandardEngine Line:173 - Starting Servlet engine: [Apache Tomcat/9.0.31]
2021-06-20 22:50:04.266 INFO  org.apache.catalina.core.ContainerBase.[Tomcat].[localhost].[/] Line:173 - Initializing Spring embedded WebApplicationContext
2021-06-20 22:50:04.266 INFO  org.springframework.web.context.ContextLoader Line:284 - Root WebApplicationContext: initialization completed in 3170 ms
2021-06-20 22:50:05.225 WARN  org.springframework.boot.web.servlet.context.AnnotationConfigServletWebServerApplicationContext Line:558 - Exception encountered during context initialization - cancelling refresh attempt: org.springframework.beans.factory.UnsatisfiedDependencyException: Error creating bean with name 'passPortController': Unsatisfied dependency expressed through field 'userService'; nested exception is org.springframework.beans.factory.UnsatisfiedDependencyException: Error creating bean with name 'userServiceImpl': Unsatisfied dependency expressed through field 'userMapper'; nested exception is org.springframework.beans.factory.NoSuchBeanDefinitionException: No qualifying bean of type 'com.cloud.user.mapper.AppUserMapper' available: expected at least 1 bean which qualifies as autowire candidate. Dependency annotations: {@org.springframework.beans.factory.annotation.Autowired(required=true)}
2021-06-20 22:50:05.255 INFO  org.apache.catalina.core.StandardService Line:173 - Stopping service [Tomcat]
2021-06-20 22:50:05.274 INFO  org.springframework.boot.autoconfigure.logging.ConditionEvaluationReportLoggingListener Line:136 - 

Error starting ApplicationContext. To display the conditions report re-run your application with 'debug' enabled.
2021-06-20 22:50:05.416 ERROR org.springframework.boot.diagnostics.LoggingFailureAnalysisReporter Line:40  - 

***************************
APPLICATION FAILED TO START
***************************

Description:

Field userMapper in com.cloud.user.service.impl.UserServiceImpl required a bean of type 'com.cloud.user.mapper.AppUserMapper' that could not be found.

The injection point has the following annotations:
	- @org.springframework.beans.factory.annotation.Autowired(required=true)


Action:

Consider defining a bean of type 'com.cloud.user.mapper.AppUserMapper' in your configuration.

2021-06-20 22:59:53.993 INFO  com.cloud.user.Application Line:55  - Starting Application on DESKTOP-510LF0A with PID 22088 (F:\ideaProject\cloud-news-dev\news-dev-services-user\target\classes started by 99141 in F:\ideaProject\cloud-news-dev)
2021-06-20 22:59:53.994 INFO  com.cloud.user.Application Line:655 - The following profiles are active: dev
2021-06-20 22:59:54.070 WARN  org.springframework.http.converter.json.Jackson2ObjectMapperBuilder Line:127 - For Jackson Kotlin classes support please add "com.fasterxml.jackson.module:jackson-module-kotlin" to the classpath
2021-06-20 22:59:54.913 WARN  tk.mybatis.spring.mapper.ClassPathMapperScanner Line:146 - No MyBatis mapper was found in '[com.cloud.user]' package. Please check your configuration.
2021-06-20 22:59:54.962 INFO  org.springframework.data.repository.config.RepositoryConfigurationDelegate Line:249 - Multiple Spring Data modules found, entering strict repository configuration mode!
2021-06-20 22:59:54.965 INFO  org.springframework.data.repository.config.RepositoryConfigurationDelegate Line:127 - Bootstrapping Spring Data Redis repositories in DEFAULT mode.
2021-06-20 22:59:54.996 INFO  org.springframework.data.repository.config.RepositoryConfigurationDelegate Line:187 - Finished Spring Data repository scanning in 18ms. Found 0 Redis repository interfaces.
2021-06-20 22:59:55.094 WARN  org.mybatis.spring.mapper.ClassPathMapperScanner Line:44  - No MyBatis mapper was found in '[com.cloud.user]' package. Please check your configuration.
2021-06-20 22:59:55.499 INFO  org.springframework.boot.web.embedded.tomcat.TomcatWebServer Line:92  - Tomcat initialized with port(s): 8003 (http)
2021-06-20 22:59:55.507 INFO  org.apache.coyote.http11.Http11NioProtocol Line:173 - Initializing ProtocolHandler ["http-nio-8003"]
2021-06-20 22:59:55.508 INFO  org.apache.catalina.core.StandardService Line:173 - Starting service [Tomcat]
2021-06-20 22:59:55.508 INFO  org.apache.catalina.core.StandardEngine Line:173 - Starting Servlet engine: [Apache Tomcat/9.0.31]
2021-06-20 22:59:55.675 INFO  org.apache.catalina.core.ContainerBase.[Tomcat].[localhost].[/] Line:173 - Initializing Spring embedded WebApplicationContext
2021-06-20 22:59:55.675 INFO  org.springframework.web.context.ContextLoader Line:284 - Root WebApplicationContext: initialization completed in 1587 ms
2021-06-20 22:59:56.345 WARN  org.springframework.boot.web.servlet.context.AnnotationConfigServletWebServerApplicationContext Line:558 - Exception encountered during context initialization - cancelling refresh attempt: org.springframework.beans.factory.UnsatisfiedDependencyException: Error creating bean with name 'passPortController': Unsatisfied dependency expressed through field 'userService'; nested exception is org.springframework.beans.factory.UnsatisfiedDependencyException: Error creating bean with name 'userServiceImpl': Unsatisfied dependency expressed through field 'userMapper'; nested exception is org.springframework.beans.factory.NoSuchBeanDefinitionException: No qualifying bean of type 'com.cloud.user.mapper.AppUserMapper' available: expected at least 1 bean which qualifies as autowire candidate. Dependency annotations: {@org.springframework.beans.factory.annotation.Autowired(required=true)}
2021-06-20 22:59:56.357 INFO  org.apache.catalina.core.StandardService Line:173 - Stopping service [Tomcat]
2021-06-20 22:59:56.371 INFO  org.springframework.boot.autoconfigure.logging.ConditionEvaluationReportLoggingListener Line:136 - 

Error starting ApplicationContext. To display the conditions report re-run your application with 'debug' enabled.
2021-06-20 22:59:56.466 ERROR org.springframework.boot.diagnostics.LoggingFailureAnalysisReporter Line:40  - 

***************************
APPLICATION FAILED TO START
***************************

Description:

Field userMapper in com.cloud.user.service.impl.UserServiceImpl required a bean of type 'com.cloud.user.mapper.AppUserMapper' that could not be found.

The injection point has the following annotations:
	- @org.springframework.beans.factory.annotation.Autowired(required=true)


Action:

Consider defining a bean of type 'com.cloud.user.mapper.AppUserMapper' in your configuration.

2021-06-20 23:00:57.015 INFO  com.cloud.user.Application Line:55  - Starting Application on DESKTOP-510LF0A with PID 26604 (F:\ideaProject\cloud-news-dev\news-dev-services-user\target\classes started by 99141 in F:\ideaProject\cloud-news-dev)
2021-06-20 23:00:57.018 INFO  com.cloud.user.Application Line:655 - The following profiles are active: dev
2021-06-20 23:00:57.131 WARN  org.springframework.http.converter.json.Jackson2ObjectMapperBuilder Line:127 - For Jackson Kotlin classes support please add "com.fasterxml.jackson.module:jackson-module-kotlin" to the classpath
2021-06-20 23:00:58.142 WARN  tk.mybatis.spring.mapper.ClassPathMapperScanner Line:146 - No MyBatis mapper was found in '[com.cloud.user]' package. Please check your configuration.
2021-06-20 23:00:58.190 INFO  org.springframework.data.repository.config.RepositoryConfigurationDelegate Line:249 - Multiple Spring Data modules found, entering strict repository configuration mode!
2021-06-20 23:00:58.192 INFO  org.springframework.data.repository.config.RepositoryConfigurationDelegate Line:127 - Bootstrapping Spring Data Redis repositories in DEFAULT mode.
2021-06-20 23:00:58.222 INFO  org.springframework.data.repository.config.RepositoryConfigurationDelegate Line:187 - Finished Spring Data repository scanning in 17ms. Found 0 Redis repository interfaces.
2021-06-20 23:00:58.325 WARN  org.mybatis.spring.mapper.ClassPathMapperScanner Line:44  - No MyBatis mapper was found in '[com.cloud.user]' package. Please check your configuration.
2021-06-20 23:00:58.711 INFO  org.springframework.boot.web.embedded.tomcat.TomcatWebServer Line:92  - Tomcat initialized with port(s): 8003 (http)
2021-06-20 23:00:58.719 INFO  org.apache.coyote.http11.Http11NioProtocol Line:173 - Initializing ProtocolHandler ["http-nio-8003"]
2021-06-20 23:00:58.720 INFO  org.apache.catalina.core.StandardService Line:173 - Starting service [Tomcat]
2021-06-20 23:00:58.720 INFO  org.apache.catalina.core.StandardEngine Line:173 - Starting Servlet engine: [Apache Tomcat/9.0.31]
2021-06-20 23:00:58.864 INFO  org.apache.catalina.core.ContainerBase.[Tomcat].[localhost].[/] Line:173 - Initializing Spring embedded WebApplicationContext
2021-06-20 23:00:58.864 INFO  org.springframework.web.context.ContextLoader Line:284 - Root WebApplicationContext: initialization completed in 1689 ms
2021-06-20 23:00:59.482 WARN  org.springframework.boot.web.servlet.context.AnnotationConfigServletWebServerApplicationContext Line:558 - Exception encountered during context initialization - cancelling refresh attempt: org.springframework.beans.factory.UnsatisfiedDependencyException: Error creating bean with name 'passPortController': Unsatisfied dependency expressed through field 'userService'; nested exception is org.springframework.beans.factory.UnsatisfiedDependencyException: Error creating bean with name 'userServiceImpl': Unsatisfied dependency expressed through field 'userMapper'; nested exception is org.springframework.beans.factory.NoSuchBeanDefinitionException: No qualifying bean of type 'com.cloud.user.mapper.AppUserMapper' available: expected at least 1 bean which qualifies as autowire candidate. Dependency annotations: {@org.springframework.beans.factory.annotation.Autowired(required=true)}
2021-06-20 23:00:59.495 INFO  org.apache.catalina.core.StandardService Line:173 - Stopping service [Tomcat]
2021-06-20 23:00:59.506 INFO  org.springframework.boot.autoconfigure.logging.ConditionEvaluationReportLoggingListener Line:136 - 

Error starting ApplicationContext. To display the conditions report re-run your application with 'debug' enabled.
2021-06-20 23:00:59.598 ERROR org.springframework.boot.diagnostics.LoggingFailureAnalysisReporter Line:40  - 

***************************
APPLICATION FAILED TO START
***************************

Description:

Field userMapper in com.cloud.user.service.impl.UserServiceImpl required a bean of type 'com.cloud.user.mapper.AppUserMapper' that could not be found.

The injection point has the following annotations:
	- @org.springframework.beans.factory.annotation.Autowired(required=true)


Action:

Consider defining a bean of type 'com.cloud.user.mapper.AppUserMapper' in your configuration.

2021-06-20 23:02:37.449 INFO  com.cloud.user.Application Line:55  - Starting Application on DESKTOP-510LF0A with PID 24624 (F:\ideaProject\cloud-news-dev\news-dev-services-user\target\classes started by 99141 in F:\ideaProject\cloud-news-dev)
2021-06-20 23:02:37.451 INFO  com.cloud.user.Application Line:655 - The following profiles are active: dev
2021-06-20 23:02:37.546 WARN  org.springframework.http.converter.json.Jackson2ObjectMapperBuilder Line:127 - For Jackson Kotlin classes support please add "com.fasterxml.jackson.module:jackson-module-kotlin" to the classpath
2021-06-20 23:02:38.346 WARN  tk.mybatis.spring.mapper.ClassPathMapperScanner Line:146 - No MyBatis mapper was found in '[com.cloud.user]' package. Please check your configuration.
2021-06-20 23:02:38.397 INFO  org.springframework.data.repository.config.RepositoryConfigurationDelegate Line:249 - Multiple Spring Data modules found, entering strict repository configuration mode!
2021-06-20 23:02:38.399 INFO  org.springframework.data.repository.config.RepositoryConfigurationDelegate Line:127 - Bootstrapping Spring Data Redis repositories in DEFAULT mode.
2021-06-20 23:02:38.430 INFO  org.springframework.data.repository.config.RepositoryConfigurationDelegate Line:187 - Finished Spring Data repository scanning in 18ms. Found 0 Redis repository interfaces.
2021-06-20 23:02:38.522 WARN  org.mybatis.spring.mapper.ClassPathMapperScanner Line:44  - No MyBatis mapper was found in '[com.cloud.user]' package. Please check your configuration.
2021-06-20 23:02:38.918 INFO  org.springframework.boot.web.embedded.tomcat.TomcatWebServer Line:92  - Tomcat initialized with port(s): 8003 (http)
2021-06-20 23:02:38.928 INFO  org.apache.coyote.http11.Http11NioProtocol Line:173 - Initializing ProtocolHandler ["http-nio-8003"]
2021-06-20 23:02:38.929 INFO  org.apache.catalina.core.StandardService Line:173 - Starting service [Tomcat]
2021-06-20 23:02:38.929 INFO  org.apache.catalina.core.StandardEngine Line:173 - Starting Servlet engine: [Apache Tomcat/9.0.31]
2021-06-20 23:02:39.070 INFO  org.apache.catalina.core.ContainerBase.[Tomcat].[localhost].[/] Line:173 - Initializing Spring embedded WebApplicationContext
2021-06-20 23:02:39.070 INFO  org.springframework.web.context.ContextLoader Line:284 - Root WebApplicationContext: initialization completed in 1517 ms
2021-06-20 23:02:39.652 WARN  org.springframework.boot.web.servlet.context.AnnotationConfigServletWebServerApplicationContext Line:558 - Exception encountered during context initialization - cancelling refresh attempt: org.springframework.beans.factory.UnsatisfiedDependencyException: Error creating bean with name 'passPortController': Unsatisfied dependency expressed through field 'userService'; nested exception is org.springframework.beans.factory.UnsatisfiedDependencyException: Error creating bean with name 'userServiceImpl': Unsatisfied dependency expressed through field 'userMapper'; nested exception is org.springframework.beans.factory.NoSuchBeanDefinitionException: No qualifying bean of type 'com.cloud.user.mapper.AppUserMapper' available: expected at least 1 bean which qualifies as autowire candidate. Dependency annotations: {@org.springframework.beans.factory.annotation.Autowired(required=true)}
2021-06-20 23:02:39.662 INFO  org.apache.catalina.core.StandardService Line:173 - Stopping service [Tomcat]
2021-06-20 23:02:39.672 INFO  org.springframework.boot.autoconfigure.logging.ConditionEvaluationReportLoggingListener Line:136 - 

Error starting ApplicationContext. To display the conditions report re-run your application with 'debug' enabled.
2021-06-20 23:02:39.766 ERROR org.springframework.boot.diagnostics.LoggingFailureAnalysisReporter Line:40  - 

***************************
APPLICATION FAILED TO START
***************************

Description:

Field userMapper in com.cloud.user.service.impl.UserServiceImpl required a bean of type 'com.cloud.user.mapper.AppUserMapper' that could not be found.

The injection point has the following annotations:
	- @org.springframework.beans.factory.annotation.Autowired(required=true)


Action:

Consider defining a bean of type 'com.cloud.user.mapper.AppUserMapper' in your configuration.

2021-06-20 23:08:26.224 INFO  com.cloud.user.Application Line:55  - Starting Application on DESKTOP-510LF0A with PID 27988 (F:\ideaProject\cloud-news-dev\news-dev-services-user\target\classes started by 99141 in F:\ideaProject\cloud-news-dev)
2021-06-20 23:08:26.228 INFO  com.cloud.user.Application Line:655 - The following profiles are active: dev
2021-06-20 23:08:26.866 WARN  org.springframework.http.converter.json.Jackson2ObjectMapperBuilder Line:127 - For Jackson Kotlin classes support please add "com.fasterxml.jackson.module:jackson-module-kotlin" to the classpath
2021-06-20 23:08:27.545 INFO  org.springframework.data.repository.config.RepositoryConfigurationDelegate Line:249 - Multiple Spring Data modules found, entering strict repository configuration mode!
2021-06-20 23:08:27.547 INFO  org.springframework.data.repository.config.RepositoryConfigurationDelegate Line:127 - Bootstrapping Spring Data Redis repositories in DEFAULT mode.
2021-06-20 23:08:27.577 INFO  org.springframework.data.repository.config.RepositoryConfigurationDelegate Line:187 - Finished Spring Data repository scanning in 17ms. Found 0 Redis repository interfaces.
2021-06-20 23:08:27.695 WARN  org.mybatis.spring.mapper.ClassPathMapperScanner Line:44  - No MyBatis mapper was found in '[com.cloud.user]' package. Please check your configuration.
2021-06-20 23:08:28.092 INFO  org.springframework.boot.web.embedded.tomcat.TomcatWebServer Line:92  - Tomcat initialized with port(s): 8003 (http)
2021-06-20 23:08:28.100 INFO  org.apache.coyote.http11.Http11NioProtocol Line:173 - Initializing ProtocolHandler ["http-nio-8003"]
2021-06-20 23:08:28.100 INFO  org.apache.catalina.core.StandardService Line:173 - Starting service [Tomcat]
2021-06-20 23:08:28.100 INFO  org.apache.catalina.core.StandardEngine Line:173 - Starting Servlet engine: [Apache Tomcat/9.0.31]
2021-06-20 23:08:28.259 INFO  org.apache.catalina.core.ContainerBase.[Tomcat].[localhost].[/] Line:173 - Initializing Spring embedded WebApplicationContext
2021-06-20 23:08:28.259 INFO  org.springframework.web.context.ContextLoader Line:284 - Root WebApplicationContext: initialization completed in 1918 ms
2021-06-20 23:08:28.604 WARN  org.springframework.boot.web.servlet.context.AnnotationConfigServletWebServerApplicationContext Line:558 - Exception encountered during context initialization - cancelling refresh attempt: org.springframework.beans.factory.UnsatisfiedDependencyException: Error creating bean with name 'passPortController': Unsatisfied dependency expressed through field 'userService'; nested exception is org.springframework.beans.factory.UnsatisfiedDependencyException: Error creating bean with name 'userServiceImpl': Unsatisfied dependency expressed through field 'userMapper'; nested exception is org.springframework.beans.factory.UnsatisfiedDependencyException: Error creating bean with name 'appUserMapper' defined in file [F:\ideaProject\cloud-news-dev\news-dev-services-user\target\classes\com\cloud\user\mapper\AppUserMapper.class]: Unsatisfied dependency expressed through bean property 'sqlSessionFactory'; nested exception is org.springframework.beans.factory.UnsatisfiedDependencyException: Error creating bean with name 'sqlSessionFactory' defined in class path resource [tk/mybatis/mapper/autoconfigure/MapperAutoConfiguration.class]: Unsatisfied dependency expressed through method 'sqlSessionFactory' parameter 0; nested exception is org.springframework.beans.factory.BeanCreationException: Error creating bean with name 'dataSource' defined in class path resource [org/springframework/boot/autoconfigure/jdbc/DataSourceConfiguration$Hikari.class]: Bean instantiation via factory method failed; nested exception is org.springframework.beans.BeanInstantiationException: Failed to instantiate [com.zaxxer.hikari.HikariDataSource]: Factory method 'dataSource' threw exception; nested exception is org.springframework.boot.autoconfigure.jdbc.DataSourceProperties$DataSourceBeanCreationException: Failed to determine a suitable driver class
2021-06-20 23:08:28.616 INFO  org.apache.catalina.core.StandardService Line:173 - Stopping service [Tomcat]
2021-06-20 23:08:28.626 INFO  org.springframework.boot.autoconfigure.logging.ConditionEvaluationReportLoggingListener Line:136 - 

Error starting ApplicationContext. To display the conditions report re-run your application with 'debug' enabled.
2021-06-20 23:08:28.631 ERROR org.springframework.boot.diagnostics.LoggingFailureAnalysisReporter Line:40  - 

***************************
APPLICATION FAILED TO START
***************************

Description:

Failed to configure a DataSource: 'url' attribute is not specified and no embedded datasource could be configured.

Reason: Failed to determine a suitable driver class


Action:

Consider the following:
	If you want an embedded database (H2, HSQL or Derby), please put it on the classpath.
	If you have database settings to be loaded from a particular profile you may need to activate it (no profiles are currently active).

2021-06-20 23:13:07.370 INFO  com.cloud.user.Application Line:55  - Starting Application on DESKTOP-510LF0A with PID 29592 (F:\ideaProject\cloud-news-dev\news-dev-services-user\target\classes started by 99141 in F:\ideaProject\cloud-news-dev)
2021-06-20 23:13:07.372 INFO  com.cloud.user.Application Line:655 - The following profiles are active: dev
2021-06-20 23:13:07.481 WARN  org.springframework.http.converter.json.Jackson2ObjectMapperBuilder Line:127 - For Jackson Kotlin classes support please add "com.fasterxml.jackson.module:jackson-module-kotlin" to the classpath
2021-06-20 23:13:08.897 INFO  org.springframework.data.repository.config.RepositoryConfigurationDelegate Line:249 - Multiple Spring Data modules found, entering strict repository configuration mode!
2021-06-20 23:13:08.899 INFO  org.springframework.data.repository.config.RepositoryConfigurationDelegate Line:127 - Bootstrapping Spring Data Redis repositories in DEFAULT mode.
2021-06-20 23:13:08.926 INFO  org.springframework.data.repository.config.RepositoryConfigurationDelegate Line:187 - Finished Spring Data repository scanning in 15ms. Found 0 Redis repository interfaces.
2021-06-20 23:13:09.036 WARN  org.mybatis.spring.mapper.ClassPathMapperScanner Line:44  - No MyBatis mapper was found in '[com.cloud.user]' package. Please check your configuration.
2021-06-20 23:13:09.421 INFO  org.springframework.boot.web.embedded.tomcat.TomcatWebServer Line:92  - Tomcat initialized with port(s): 8003 (http)
2021-06-20 23:13:09.428 INFO  org.apache.coyote.http11.Http11NioProtocol Line:173 - Initializing ProtocolHandler ["http-nio-8003"]
2021-06-20 23:13:09.430 INFO  org.apache.catalina.core.StandardService Line:173 - Starting service [Tomcat]
2021-06-20 23:13:09.430 INFO  org.apache.catalina.core.StandardEngine Line:173 - Starting Servlet engine: [Apache Tomcat/9.0.31]
2021-06-20 23:13:09.564 INFO  org.apache.catalina.core.ContainerBase.[Tomcat].[localhost].[/] Line:173 - Initializing Spring embedded WebApplicationContext
2021-06-20 23:13:09.565 INFO  org.springframework.web.context.ContextLoader Line:284 - Root WebApplicationContext: initialization completed in 1743 ms
2021-06-20 23:13:09.918 WARN  org.springframework.boot.web.servlet.context.AnnotationConfigServletWebServerApplicationContext Line:558 - Exception encountered during context initialization - cancelling refresh attempt: org.springframework.beans.factory.UnsatisfiedDependencyException: Error creating bean with name 'passPortController': Unsatisfied dependency expressed through field 'userService'; nested exception is org.springframework.beans.factory.UnsatisfiedDependencyException: Error creating bean with name 'userServiceImpl': Unsatisfied dependency expressed through field 'userMapper'; nested exception is org.springframework.beans.factory.UnsatisfiedDependencyException: Error creating bean with name 'appUserMapper' defined in file [F:\ideaProject\cloud-news-dev\news-dev-services-user\target\classes\com\cloud\user\mapper\AppUserMapper.class]: Unsatisfied dependency expressed through bean property 'sqlSessionFactory'; nested exception is org.springframework.beans.factory.UnsatisfiedDependencyException: Error creating bean with name 'sqlSessionFactory' defined in class path resource [tk/mybatis/mapper/autoconfigure/MapperAutoConfiguration.class]: Unsatisfied dependency expressed through method 'sqlSessionFactory' parameter 0; nested exception is org.springframework.beans.factory.BeanCreationException: Error creating bean with name 'dataSource' defined in class path resource [org/springframework/boot/autoconfigure/jdbc/DataSourceConfiguration$Hikari.class]: Bean instantiation via factory method failed; nested exception is org.springframework.beans.BeanInstantiationException: Failed to instantiate [com.zaxxer.hikari.HikariDataSource]: Factory method 'dataSource' threw exception; nested exception is org.springframework.boot.autoconfigure.jdbc.DataSourceProperties$DataSourceBeanCreationException: Failed to determine a suitable driver class
2021-06-20 23:13:09.930 INFO  org.apache.catalina.core.StandardService Line:173 - Stopping service [Tomcat]
2021-06-20 23:13:09.939 INFO  org.springframework.boot.autoconfigure.logging.ConditionEvaluationReportLoggingListener Line:136 - 

Error starting ApplicationContext. To display the conditions report re-run your application with 'debug' enabled.
2021-06-20 23:13:09.945 ERROR org.springframework.boot.diagnostics.LoggingFailureAnalysisReporter Line:40  - 

***************************
APPLICATION FAILED TO START
***************************

Description:

Failed to configure a DataSource: 'url' attribute is not specified and no embedded datasource could be configured.

Reason: Failed to determine a suitable driver class


Action:

Consider the following:
	If you want an embedded database (H2, HSQL or Derby), please put it on the classpath.
	If you have database settings to be loaded from a particular profile you may need to activate it (no profiles are currently active).

2021-06-20 23:17:50.284 INFO  com.cloud.user.Application Line:55  - Starting Application on DESKTOP-510LF0A with PID 26148 (F:\ideaProject\cloud-news-dev\news-dev-services-user\target\classes started by 99141 in F:\ideaProject\cloud-news-dev)
2021-06-20 23:17:50.286 INFO  com.cloud.user.Application Line:655 - The following profiles are active: dev
2021-06-20 23:17:51.102 WARN  tk.mybatis.spring.mapper.ClassPathMapperScanner Line:146 - No MyBatis mapper was found in '[com.cloud.user]' package. Please check your configuration.
2021-06-20 23:17:51.148 INFO  org.springframework.data.repository.config.RepositoryConfigurationDelegate Line:249 - Multiple Spring Data modules found, entering strict repository configuration mode!
2021-06-20 23:17:51.151 INFO  org.springframework.data.repository.config.RepositoryConfigurationDelegate Line:127 - Bootstrapping Spring Data Redis repositories in DEFAULT mode.
2021-06-20 23:17:51.182 INFO  org.springframework.data.repository.config.RepositoryConfigurationDelegate Line:187 - Finished Spring Data repository scanning in 17ms. Found 0 Redis repository interfaces.
2021-06-20 23:17:51.292 WARN  org.mybatis.spring.mapper.ClassPathMapperScanner Line:44  - No MyBatis mapper was found in '[com.cloud.user]' package. Please check your configuration.
2021-06-20 23:17:51.681 INFO  org.springframework.boot.web.embedded.tomcat.TomcatWebServer Line:92  - Tomcat initialized with port(s): 8003 (http)
2021-06-20 23:17:51.690 INFO  org.apache.coyote.http11.Http11NioProtocol Line:173 - Initializing ProtocolHandler ["http-nio-8003"]
2021-06-20 23:17:51.690 INFO  org.apache.catalina.core.StandardService Line:173 - Starting service [Tomcat]
2021-06-20 23:17:51.691 INFO  org.apache.catalina.core.StandardEngine Line:173 - Starting Servlet engine: [Apache Tomcat/9.0.31]
2021-06-20 23:17:51.824 INFO  org.apache.catalina.core.ContainerBase.[Tomcat].[localhost].[/] Line:173 - Initializing Spring embedded WebApplicationContext
2021-06-20 23:17:51.825 INFO  org.springframework.web.context.ContextLoader Line:284 - Root WebApplicationContext: initialization completed in 1495 ms
2021-06-20 23:17:52.196 WARN  org.springframework.boot.web.servlet.context.AnnotationConfigServletWebServerApplicationContext Line:558 - Exception encountered during context initialization - cancelling refresh attempt: org.springframework.beans.factory.UnsatisfiedDependencyException: Error creating bean with name 'passPortController': Unsatisfied dependency expressed through field 'userService'; nested exception is org.springframework.beans.factory.UnsatisfiedDependencyException: Error creating bean with name 'userServiceImpl': Unsatisfied dependency expressed through field 'userMapper'; nested exception is org.springframework.beans.factory.NoSuchBeanDefinitionException: No qualifying bean of type 'com.cloud.user.mapper.AppUserMapper' available: expected at least 1 bean which qualifies as autowire candidate. Dependency annotations: {@org.springframework.beans.factory.annotation.Autowired(required=true)}
2021-06-20 23:17:52.207 INFO  org.apache.catalina.core.StandardService Line:173 - Stopping service [Tomcat]
2021-06-20 23:17:52.217 INFO  org.springframework.boot.autoconfigure.logging.ConditionEvaluationReportLoggingListener Line:136 - 

Error starting ApplicationContext. To display the conditions report re-run your application with 'debug' enabled.
2021-06-20 23:17:52.322 ERROR org.springframework.boot.diagnostics.LoggingFailureAnalysisReporter Line:40  - 

***************************
APPLICATION FAILED TO START
***************************

Description:

Field userMapper in com.cloud.user.service.impl.UserServiceImpl required a bean of type 'com.cloud.user.mapper.AppUserMapper' that could not be found.

The injection point has the following annotations:
	- @org.springframework.beans.factory.annotation.Autowired(required=true)


Action:

Consider defining a bean of type 'com.cloud.user.mapper.AppUserMapper' in your configuration.

2021-06-20 23:21:19.318 INFO  com.cloud.user.Application Line:55  - Starting Application on DESKTOP-510LF0A with PID 28972 (F:\ideaProject\cloud-news-dev\news-dev-services-user\target\classes started by 99141 in F:\ideaProject\cloud-news-dev)
2021-06-20 23:21:19.321 INFO  com.cloud.user.Application Line:655 - The following profiles are active: dev
2021-06-20 23:21:19.833 WARN  org.springframework.http.converter.json.Jackson2ObjectMapperBuilder Line:127 - For Jackson Kotlin classes support please add "com.fasterxml.jackson.module:jackson-module-kotlin" to the classpath
2021-06-20 23:21:20.441 WARN  tk.mybatis.spring.mapper.ClassPathMapperScanner Line:146 - No MyBatis mapper was found in '[com.cloud.user]' package. Please check your configuration.
2021-06-20 23:21:20.481 INFO  org.springframework.data.repository.config.RepositoryConfigurationDelegate Line:249 - Multiple Spring Data modules found, entering strict repository configuration mode!
2021-06-20 23:21:20.483 INFO  org.springframework.data.repository.config.RepositoryConfigurationDelegate Line:127 - Bootstrapping Spring Data Redis repositories in DEFAULT mode.
2021-06-20 23:21:20.520 INFO  org.springframework.data.repository.config.RepositoryConfigurationDelegate Line:187 - Finished Spring Data repository scanning in 24ms. Found 0 Redis repository interfaces.
2021-06-20 23:21:21.049 INFO  org.springframework.boot.web.embedded.tomcat.TomcatWebServer Line:92  - Tomcat initialized with port(s): 8003 (http)
2021-06-20 23:21:21.059 INFO  org.apache.coyote.http11.Http11NioProtocol Line:173 - Initializing ProtocolHandler ["http-nio-8003"]
2021-06-20 23:21:21.060 INFO  org.apache.catalina.core.StandardService Line:173 - Starting service [Tomcat]
2021-06-20 23:21:21.060 INFO  org.apache.catalina.core.StandardEngine Line:173 - Starting Servlet engine: [Apache Tomcat/9.0.31]
2021-06-20 23:21:21.201 INFO  org.apache.catalina.core.ContainerBase.[Tomcat].[localhost].[/] Line:173 - Initializing Spring embedded WebApplicationContext
2021-06-20 23:21:21.201 INFO  org.springframework.web.context.ContextLoader Line:284 - Root WebApplicationContext: initialization completed in 1803 ms
2021-06-20 23:21:21.567 WARN  org.springframework.boot.web.servlet.context.AnnotationConfigServletWebServerApplicationContext Line:558 - Exception encountered during context initialization - cancelling refresh attempt: org.springframework.beans.factory.UnsatisfiedDependencyException: Error creating bean with name 'passPortController': Unsatisfied dependency expressed through field 'userService'; nested exception is org.springframework.beans.factory.UnsatisfiedDependencyException: Error creating bean with name 'userServiceImpl': Unsatisfied dependency expressed through field 'userMapper'; nested exception is org.springframework.beans.factory.UnsatisfiedDependencyException: Error creating bean with name 'appUserMapper' defined in file [F:\ideaProject\cloud-news-dev\news-dev-services-user\target\classes\com\cloud\user\mapper\AppUserMapper.class]: Unsatisfied dependency expressed through bean property 'sqlSessionFactory'; nested exception is org.springframework.beans.factory.UnsatisfiedDependencyException: Error creating bean with name 'sqlSessionFactory' defined in class path resource [tk/mybatis/mapper/autoconfigure/MapperAutoConfiguration.class]: Unsatisfied dependency expressed through method 'sqlSessionFactory' parameter 0; nested exception is org.springframework.beans.factory.BeanCreationException: Error creating bean with name 'dataSource' defined in class path resource [org/springframework/boot/autoconfigure/jdbc/DataSourceConfiguration$Hikari.class]: Bean instantiation via factory method failed; nested exception is org.springframework.beans.BeanInstantiationException: Failed to instantiate [com.zaxxer.hikari.HikariDataSource]: Factory method 'dataSource' threw exception; nested exception is org.springframework.boot.autoconfigure.jdbc.DataSourceProperties$DataSourceBeanCreationException: Failed to determine a suitable driver class
2021-06-20 23:21:21.582 INFO  org.apache.catalina.core.StandardService Line:173 - Stopping service [Tomcat]
2021-06-20 23:21:21.592 INFO  org.springframework.boot.autoconfigure.logging.ConditionEvaluationReportLoggingListener Line:136 - 

Error starting ApplicationContext. To display the conditions report re-run your application with 'debug' enabled.
2021-06-20 23:21:21.598 ERROR org.springframework.boot.diagnostics.LoggingFailureAnalysisReporter Line:40  - 

***************************
APPLICATION FAILED TO START
***************************

Description:

Failed to configure a DataSource: 'url' attribute is not specified and no embedded datasource could be configured.

Reason: Failed to determine a suitable driver class


Action:

Consider the following:
	If you want an embedded database (H2, HSQL or Derby), please put it on the classpath.
	If you have database settings to be loaded from a particular profile you may need to activate it (no profiles are currently active).

2021-06-20 23:38:11.596 INFO  com.cloud.user.Application Line:55  - Starting Application on DESKTOP-510LF0A with PID 28044 (F:\ideaProject\cloud-news-dev\news-dev-services-user\target\classes started by 99141 in F:\ideaProject\cloud-news-dev)
2021-06-20 23:38:11.599 INFO  com.cloud.user.Application Line:655 - The following profiles are active: dev
2021-06-20 23:38:11.715 WARN  org.springframework.http.converter.json.Jackson2ObjectMapperBuilder Line:127 - For Jackson Kotlin classes support please add "com.fasterxml.jackson.module:jackson-module-kotlin" to the classpath
2021-06-20 23:38:12.653 WARN  tk.mybatis.spring.mapper.ClassPathMapperScanner Line:146 - No MyBatis mapper was found in '[com.cloud.user]' package. Please check your configuration.
2021-06-20 23:38:12.706 INFO  org.springframework.data.repository.config.RepositoryConfigurationDelegate Line:249 - Multiple Spring Data modules found, entering strict repository configuration mode!
2021-06-20 23:38:12.708 INFO  org.springframework.data.repository.config.RepositoryConfigurationDelegate Line:127 - Bootstrapping Spring Data Redis repositories in DEFAULT mode.
2021-06-20 23:38:12.740 INFO  org.springframework.data.repository.config.RepositoryConfigurationDelegate Line:187 - Finished Spring Data repository scanning in 18ms. Found 0 Redis repository interfaces.
2021-06-20 23:38:12.839 WARN  org.mybatis.spring.mapper.ClassPathMapperScanner Line:44  - No MyBatis mapper was found in '[com.cloud.user]' package. Please check your configuration.
2021-06-20 23:38:13.262 INFO  org.springframework.boot.web.embedded.tomcat.TomcatWebServer Line:92  - Tomcat initialized with port(s): 8003 (http)
2021-06-20 23:38:13.271 INFO  org.apache.coyote.http11.Http11NioProtocol Line:173 - Initializing ProtocolHandler ["http-nio-8003"]
2021-06-20 23:38:13.272 INFO  org.apache.catalina.core.StandardService Line:173 - Starting service [Tomcat]
2021-06-20 23:38:13.272 INFO  org.apache.catalina.core.StandardEngine Line:173 - Starting Servlet engine: [Apache Tomcat/9.0.31]
2021-06-20 23:38:13.436 INFO  org.apache.catalina.core.ContainerBase.[Tomcat].[localhost].[/] Line:173 - Initializing Spring embedded WebApplicationContext
2021-06-20 23:38:13.436 INFO  org.springframework.web.context.ContextLoader Line:284 - Root WebApplicationContext: initialization completed in 1723 ms
2021-06-20 23:38:14.037 WARN  org.springframework.boot.web.servlet.context.AnnotationConfigServletWebServerApplicationContext Line:558 - Exception encountered during context initialization - cancelling refresh attempt: org.springframework.beans.factory.UnsatisfiedDependencyException: Error creating bean with name 'passPortController': Unsatisfied dependency expressed through field 'userService'; nested exception is org.springframework.beans.factory.UnsatisfiedDependencyException: Error creating bean with name 'userServiceImpl': Unsatisfied dependency expressed through field 'userMapper'; nested exception is org.springframework.beans.factory.NoSuchBeanDefinitionException: No qualifying bean of type 'com.cloud.user.mapper.AppUserMapper' available: expected at least 1 bean which qualifies as autowire candidate. Dependency annotations: {@org.springframework.beans.factory.annotation.Autowired(required=true)}
2021-06-20 23:38:14.049 INFO  org.apache.catalina.core.StandardService Line:173 - Stopping service [Tomcat]
2021-06-20 23:38:14.064 INFO  org.springframework.boot.autoconfigure.logging.ConditionEvaluationReportLoggingListener Line:136 - 

Error starting ApplicationContext. To display the conditions report re-run your application with 'debug' enabled.
2021-06-20 23:38:14.186 ERROR org.springframework.boot.diagnostics.LoggingFailureAnalysisReporter Line:40  - 

***************************
APPLICATION FAILED TO START
***************************

Description:

Field userMapper in com.cloud.user.service.impl.UserServiceImpl required a bean of type 'com.cloud.user.mapper.AppUserMapper' that could not be found.

The injection point has the following annotations:
	- @org.springframework.beans.factory.annotation.Autowired(required=true)


Action:

Consider defining a bean of type 'com.cloud.user.mapper.AppUserMapper' in your configuration.

2021-06-20 23:39:13.753 INFO  com.cloud.user.Application Line:55  - Starting Application on DESKTOP-510LF0A with PID 30564 (F:\ideaProject\cloud-news-dev\news-dev-services-user\target\classes started by 99141 in F:\ideaProject\cloud-news-dev)
2021-06-20 23:39:13.757 INFO  com.cloud.user.Application Line:655 - The following profiles are active: dev
2021-06-20 23:39:14.584 WARN  tk.mybatis.spring.mapper.ClassPathMapperScanner Line:146 - No MyBatis mapper was found in '[com.cloud.user]' package. Please check your configuration.
2021-06-20 23:39:14.626 INFO  org.springframework.data.repository.config.RepositoryConfigurationDelegate Line:249 - Multiple Spring Data modules found, entering strict repository configuration mode!
2021-06-20 23:39:14.627 INFO  org.springframework.data.repository.config.RepositoryConfigurationDelegate Line:127 - Bootstrapping Spring Data Redis repositories in DEFAULT mode.
2021-06-20 23:39:14.660 INFO  org.springframework.data.repository.config.RepositoryConfigurationDelegate Line:187 - Finished Spring Data repository scanning in 17ms. Found 0 Redis repository interfaces.
2021-06-20 23:39:15.205 INFO  org.springframework.boot.web.embedded.tomcat.TomcatWebServer Line:92  - Tomcat initialized with port(s): 8003 (http)
2021-06-20 23:39:15.214 INFO  org.apache.coyote.http11.Http11NioProtocol Line:173 - Initializing ProtocolHandler ["http-nio-8003"]
2021-06-20 23:39:15.215 INFO  org.apache.catalina.core.StandardService Line:173 - Starting service [Tomcat]
2021-06-20 23:39:15.215 INFO  org.apache.catalina.core.StandardEngine Line:173 - Starting Servlet engine: [Apache Tomcat/9.0.31]
2021-06-20 23:39:15.363 INFO  org.apache.catalina.core.ContainerBase.[Tomcat].[localhost].[/] Line:173 - Initializing Spring embedded WebApplicationContext
2021-06-20 23:39:15.363 INFO  org.springframework.web.context.ContextLoader Line:284 - Root WebApplicationContext: initialization completed in 1547 ms
2021-06-20 23:39:16.734 INFO  org.springframework.scheduling.concurrent.ThreadPoolTaskExecutor Line:181 - Initializing ExecutorService 'applicationTaskExecutor'
2021-06-20 23:39:16.830 INFO  tk.mybatis.mapper.autoconfigure.MapperCacheDisabler Line:60  - Clear tk.mybatis.mapper.util.MsUtil CLASS_CACHE cache.
2021-06-20 23:39:16.830 INFO  tk.mybatis.mapper.autoconfigure.MapperCacheDisabler Line:60  - Clear tk.mybatis.mapper.genid.GenIdUtil CACHE cache.
2021-06-20 23:39:16.831 INFO  tk.mybatis.mapper.autoconfigure.MapperCacheDisabler Line:60  - Clear tk.mybatis.mapper.version.VersionUtil CACHE cache.
2021-06-20 23:39:16.832 INFO  tk.mybatis.mapper.autoconfigure.MapperCacheDisabler Line:83  - Clear EntityHelper entityTableMap cache.
2021-06-20 23:39:16.973 INFO  springfox.documentation.spring.web.plugins.DocumentationPluginsBootstrapper Line:84  - Context refreshed
2021-06-20 23:39:16.990 INFO  springfox.documentation.spring.web.plugins.DocumentationPluginsBootstrapper Line:87  - Found 1 custom documentation plugin(s)
2021-06-20 23:39:17.002 INFO  springfox.documentation.spring.web.scanners.ApiListingReferenceScanner Line:44  - Scanning for api listing references
2021-06-20 23:39:17.156 INFO  org.apache.coyote.http11.Http11NioProtocol Line:173 - Starting ProtocolHandler ["http-nio-8003"]
2021-06-20 23:39:17.182 INFO  org.springframework.boot.web.embedded.tomcat.TomcatWebServer Line:204 - Tomcat started on port(s): 8003 (http) with context path ''
2021-06-20 23:39:17.184 INFO  com.cloud.user.Application Line:61  - Started Application in 4.716 seconds (JVM running for 5.96)
2021-06-20 23:40:57.558 INFO  org.apache.catalina.core.ContainerBase.[Tomcat].[localhost].[/] Line:173 - Initializing Spring DispatcherServlet 'dispatcherServlet'
2021-06-20 23:40:57.559 INFO  org.springframework.web.servlet.DispatcherServlet Line:525 - Initializing Servlet 'dispatcherServlet'
2021-06-20 23:40:57.569 INFO  org.springframework.web.servlet.DispatcherServlet Line:547 - Completed initialization in 10 ms
2021-06-20 23:42:07.406 INFO  io.lettuce.core.EpollProvider Line:68  - Starting without optional epoll library
2021-06-20 23:42:07.409 INFO  io.lettuce.core.KqueueProvider Line:70  - Starting without optional kqueue library
2021-06-20 23:43:15.102 ERROR org.apache.catalina.core.ContainerBase.[Tomcat].[localhost].[/].[dispatcherServlet] Line:175 - Servlet.service() for servlet [dispatcherServlet] in context with path [] threw exception [Request processing failed; nested exception is tk.mybatis.mapper.MapperException: 无法获取实体类com.cloud.entity.AppUser对应的表名!] with root cause
tk.mybatis.mapper.MapperException: 无法获取实体类com.cloud.entity.AppUser对应的表名!
	at tk.mybatis.mapper.mapperhelper.EntityHelper.getEntityTable(EntityHelper.java:69)
	at tk.mybatis.mapper.entity.Example.<init>(Example.java:103)
	at tk.mybatis.mapper.entity.Example.<init>(Example.java:88)
	at tk.mybatis.mapper.entity.Example.<init>(Example.java:78)
	at com.cloud.user.service.impl.UserServiceImpl.queryMobileIsExist(UserServiceImpl.java:35)
	at com.cloud.user.service.impl.UserServiceImpl$$FastClassBySpringCGLIB$$7ebbd9b2.invoke(<generated>)
	at org.springframework.cglib.proxy.MethodProxy.invoke(MethodProxy.java:218)
	at org.springframework.aop.framework.CglibAopProxy$DynamicAdvisedInterceptor.intercept(CglibAopProxy.java:685)
	at com.cloud.user.service.impl.UserServiceImpl$$EnhancerBySpringCGLIB$$b4dc796c.queryMobileIsExist(<generated>)
	at com.cloud.user.controller.PassPortController.doLogin(PassPortController.java:68)
	at sun.reflect.NativeMethodAccessorImpl.invoke0(Native Method)
	at sun.reflect.NativeMethodAccessorImpl.invoke(NativeMethodAccessorImpl.java:62)
	at sun.reflect.DelegatingMethodAccessorImpl.invoke(DelegatingMethodAccessorImpl.java:43)
	at java.lang.reflect.Method.invoke(Method.java:483)
	at org.springframework.web.method.support.InvocableHandlerMethod.doInvoke(InvocableHandlerMethod.java:190)
	at org.springframework.web.method.support.InvocableHandlerMethod.invokeForRequest(InvocableHandlerMethod.java:138)
	at org.springframework.web.servlet.mvc.method.annotation.ServletInvocableHandlerMethod.invokeAndHandle(ServletInvocableHandlerMethod.java:106)
	at org.springframework.web.servlet.mvc.method.annotation.RequestMappingHandlerAdapter.invokeHandlerMethod(RequestMappingHandlerAdapter.java:879)
	at org.springframework.web.servlet.mvc.method.annotation.RequestMappingHandlerAdapter.handleInternal(RequestMappingHandlerAdapter.java:793)
	at org.springframework.web.servlet.mvc.method.AbstractHandlerMethodAdapter.handle(AbstractHandlerMethodAdapter.java:87)
	at org.springframework.web.servlet.DispatcherServlet.doDispatch(DispatcherServlet.java:1040)
	at org.springframework.web.servlet.DispatcherServlet.doService(DispatcherServlet.java:943)
	at org.springframework.web.servlet.FrameworkServlet.processRequest(FrameworkServlet.java:1006)
	at org.springframework.web.servlet.FrameworkServlet.doPost(FrameworkServlet.java:909)
	at javax.servlet.http.HttpServlet.service(HttpServlet.java:660)
	at org.springframework.web.servlet.FrameworkServlet.service(FrameworkServlet.java:883)
	at javax.servlet.http.HttpServlet.service(HttpServlet.java:741)
	at org.apache.catalina.core.ApplicationFilterChain.internalDoFilter(ApplicationFilterChain.java:231)
	at org.apache.catalina.core.ApplicationFilterChain.doFilter(ApplicationFilterChain.java:166)
	at org.apache.tomcat.websocket.server.WsFilter.doFilter(WsFilter.java:53)
	at org.apache.catalina.core.ApplicationFilterChain.internalDoFilter(ApplicationFilterChain.java:193)
	at org.apache.catalina.core.ApplicationFilterChain.doFilter(ApplicationFilterChain.java:166)
	at org.springframework.web.filter.CorsFilter.doFilterInternal(CorsFilter.java:92)
	at org.springframework.web.filter.OncePerRequestFilter.doFilter(OncePerRequestFilter.java:119)
	at org.apache.catalina.core.ApplicationFilterChain.internalDoFilter(ApplicationFilterChain.java:193)
	at org.apache.catalina.core.ApplicationFilterChain.doFilter(ApplicationFilterChain.java:166)
	at org.springframework.web.filter.RequestContextFilter.doFilterInternal(RequestContextFilter.java:100)
	at org.springframework.web.filter.OncePerRequestFilter.doFilter(OncePerRequestFilter.java:119)
	at org.apache.catalina.core.ApplicationFilterChain.internalDoFilter(ApplicationFilterChain.java:193)
	at org.apache.catalina.core.ApplicationFilterChain.doFilter(ApplicationFilterChain.java:166)
	at org.springframework.web.filter.FormContentFilter.doFilterInternal(FormContentFilter.java:93)
	at org.springframework.web.filter.OncePerRequestFilter.doFilter(OncePerRequestFilter.java:119)
	at org.apache.catalina.core.ApplicationFilterChain.internalDoFilter(ApplicationFilterChain.java:193)
	at org.apache.catalina.core.ApplicationFilterChain.doFilter(ApplicationFilterChain.java:166)
	at org.springframework.web.filter.CharacterEncodingFilter.doFilterInternal(CharacterEncodingFilter.java:201)
	at org.springframework.web.filter.OncePerRequestFilter.doFilter(OncePerRequestFilter.java:119)
	at org.apache.catalina.core.ApplicationFilterChain.internalDoFilter(ApplicationFilterChain.java:193)
	at org.apache.catalina.core.ApplicationFilterChain.doFilter(ApplicationFilterChain.java:166)
	at org.apache.catalina.core.StandardWrapperValve.invoke(StandardWrapperValve.java:202)
	at org.apache.catalina.core.StandardContextValve.invoke(StandardContextValve.java:96)
	at org.apache.catalina.authenticator.AuthenticatorBase.invoke(AuthenticatorBase.java:541)
	at org.apache.catalina.core.StandardHostValve.invoke(StandardHostValve.java:139)
	at org.apache.catalina.valves.ErrorReportValve.invoke(ErrorReportValve.java:92)
	at org.apache.catalina.core.StandardEngineValve.invoke(StandardEngineValve.java:74)
	at org.apache.catalina.connector.CoyoteAdapter.service(CoyoteAdapter.java:343)
	at org.apache.coyote.http11.Http11Processor.service(Http11Processor.java:367)
	at org.apache.coyote.AbstractProcessorLight.process(AbstractProcessorLight.java:65)
	at org.apache.coyote.AbstractProtocol$ConnectionHandler.process(AbstractProtocol.java:868)
	at org.apache.tomcat.util.net.NioEndpoint$SocketProcessor.doRun(NioEndpoint.java:1639)
	at org.apache.tomcat.util.net.SocketProcessorBase.run(SocketProcessorBase.java:49)
	at java.util.concurrent.ThreadPoolExecutor.runWorker(ThreadPoolExecutor.java:1142)
	at java.util.concurrent.ThreadPoolExecutor$Worker.run(ThreadPoolExecutor.java:617)
	at org.apache.tomcat.util.threads.TaskThread$WrappingRunnable.run(TaskThread.java:61)
	at java.lang.Thread.run(Thread.java:745)
